Success (35):
datatype 9996 {urn:com:appian:types:LM}LM_Employee_Details "{urn:com:appian:types:LM}LM_Employee_Details"
datatype 10304 {urn:com:appian:types:LM}LM_LoanDetails "{urn:com:appian:types:LM}LM_LoanDetails"
datatype 10050 {urn:com:appian:types:LM}LM_RequestHistoryDetails "{urn:com:appian:types:LM}LM_RequestHistoryDetails"
datatype 10042 {urn:com:appian:types:LM}LM_Lookup_Details "{urn:com:appian:types:LM}LM_Lookup_Details"
datatype 10062 {urn:com:appian:types:LM}LM_V_Loan_Details "{urn:com:appian:types:LM}LM_V_Loan_Details"
datatype 10292 {urn:com:appian:types:LM}LM_loanDocuments "{urn:com:appian:types:LM}LM_loanDocuments"
dataStore 100327 _a-0000ec4c-bbbe-8000-babc-01ef9001ef90_815308 "LM Tables"
dataStore 99047 _a-0000ec4c-bbbe-8000-babc-01ef9001ef90_816155 "LM Views"
group 1566 fd2049d5-5bf6-4300-a4d5-5931fa384b12 "LM Administrators"
group 1567 333cb1e1-5e6a-4877-a42d-268aa640749b "LM Users"
content 98940 222aa2d8-d036-47a1-8b2f-350cdb1214a1 "LM Rules & Constants"
content 98941 b8e94c48-8a00-426c-a167-cf9c575ad3a2 "LM Knowledge Center"
content 98942 aef87afe-5c0c-4dc2-b718-054285ff6a7d "LM Application Documentation"
content 98943 20f38593-9362-4ece-951e-c698d1a2f3cf "LM Artifacts"
content 100200 _a-0000eca8-7ed3-8000-babd-01ef9001ef90_824959 "LM_SEC_employeeDetails"
content 100216 _a-0000eca8-7ed3-8000-babd-01ef9001ef90_824996 "LM_SEC_loanDetails"
content 100204 _a-0000eca8-7ed3-8000-babd-01ef9001ef90_825015 "LM_CDT_LOOKUP_DETAILS"
content 111645 _a-0000eca8-7ed3-8000-babd-01ef9001ef90_825117 "LM_SEC_documentsAndComments"
content 100211 263b5f9b-b8e6-4907-b52c-ea2f3864f837 "LM_QE_getLookupDetails"
content 104477 _a-0000eca8-7ed3-8000-babd-01ef9001ef90_826178 "LM_FRM_loanInitiation"
content 100322 _a-0000eca8-7ed3-8000-babd-01ef9001ef90_826190 "LM_CDT_EMPLOYEE_DETAILS"
content 100323 _a-0000eca8-7ed3-8000-babd-01ef9001ef90_826184 "LM_QE_getEmployeeDetailsBasedOnFilters"
content 100324 _a-0000eca8-7ed3-8000-babd-01ef9001ef90_826202 "LM_CDT_LOAN_DETAILS"
content 100329 _a-0000eca8-7ed3-8000-babd-01ef9001ef90_826208 "LM_QE_getLoanDetailsBasedOnFilters"
content 102971 _a-0000eca8-7ed3-8000-babd-01ef9001ef90_843642 "LM_QE_getDocumentDetailsBasedOnFilters"
content 102968 _a-0000eca8-7ed3-8000-babd-01ef9001ef90_843648 "LM_CDT_DOCUMENT_DETAILS"
content 104470 _a-0000eca8-7ed3-8000-babd-01ef9001ef90_853551 "LM_CDT_REQUEST_HISTORY_DETAILS"
content 104474 _a-0000eca8-7ed3-8000-babd-01ef9001ef90_853593 "LM_GRP_ADMINISTRATORS"
content 111642 _a-0000eca8-7ed3-8000-babd-01ef9001ef90_900850 "LM Capture"
content 111643 _a-0000eca8-7ed3-8000-babd-01ef9001ef90_900856 "LM_CAPTURE"
processModelFolder 492 26a0a9a2-321f-4a6d-a68c-19ee2bf6e1e4 "LM Process Models"
processModel 7018 0002ece4-11ce-8000-f531-014d98014d98 "LM Initiate Loan"
application 98944 ff0759c2-32e5-4184-82b2-94f7a3748678 "Loan Management"
recordType 876 7d7cc64a-06ef-4fd9-895b-b20bea5bb002 "LM Loan Details"
site 268 b695cb25-a6f7-4cc5-984a-adff03b9b511 "LM Initate Loan"

Referenced precedents that were not exported (2):
datatype 7580 {urn:com:appian:types:NS}NS_lookupTable
datatype 7554 {urn:com:appian:types:NS}NS_loanDocuments

Design guidance was successfully exported.

Trace:
2025-03-12 00:27:48.132 DEBUG application 98944 ff0759c2-32e5-4184-82b2-94f7a3748678 Begin transport.
2025-03-12 00:27:48.132 DEBUG application 98944 ff0759c2-32e5-4184-82b2-94f7a3748678 Retrieving object data.
2025-03-12 00:27:48.136 DEBUG application 98944 ff0759c2-32e5-4184-82b2-94f7a3748678 App associated objects: [datatype=[{urn:com:appian:types:LM}LM_Employee_Details, {urn:com:appian:types:LM}LM_LoanDetails, {urn:com:appian:types:LM}LM_RequestHistoryDetails, {urn:com:appian:types:LM}LM_LOOKUP_DETAILS, {urn:com:appian:types:LM}LM_Lookup_Details, {urn:com:appian:types:LM}LM_RequestHistoryDetail, {urn:com:appian:types:LM}LM_V_Loan_Details, {urn:com:appian:types:LM}LM_loanDocuments],dataStore=[_a-0000ec4c-bbbe-8000-babc-01ef9001ef90_815308, _a-0000ec4c-bbbe-8000-babc-01ef9001ef90_816155],group=[fd2049d5-5bf6-4300-a4d5-5931fa384b12, 333cb1e1-5e6a-4877-a42d-268aa640749b],content=[222aa2d8-d036-47a1-8b2f-350cdb1214a1, aef87afe-5c0c-4dc2-b718-054285ff6a7d, 20f38593-9362-4ece-951e-c698d1a2f3cf, b8e94c48-8a00-426c-a167-cf9c575ad3a2, _a-0000eca8-7ed3-8000-babd-01ef9001ef90_824959, _a-0000eca8-7ed3-8000-babd-01ef9001ef90_824996, _a-0000eca8-7ed3-8000-babd-01ef9001ef90_825015, _a-0000eca8-7ed3-8000-babd-01ef9001ef90_825117, 263b5f9b-b8e6-4907-b52c-ea2f3864f837, _a-0000eca8-7ed3-8000-babd-01ef9001ef90_826178, _a-0000eca8-7ed3-8000-babd-01ef9001ef90_826184, _a-0000eca8-7ed3-8000-babd-01ef9001ef90_826190, _a-0000eca8-7ed3-8000-babd-01ef9001ef90_826202, _a-0000eca8-7ed3-8000-babd-01ef9001ef90_826208, _a-0000eca8-7ed3-8000-babd-01ef9001ef90_843642, _a-0000eca8-7ed3-8000-babd-01ef9001ef90_843648, _a-0000eca8-7ed3-8000-babd-01ef9001ef90_853551, _a-0000eca8-7ed3-8000-babd-01ef9001ef90_853593, _a-0000eca8-7ed3-8000-babd-01ef9001ef90_900850, _a-0000eca8-7ed3-8000-babd-01ef9001ef90_900856],processModelFolder=[26a0a9a2-321f-4a6d-a68c-19ee2bf6e1e4],processModel=[0002ece4-11ce-8000-f531-014d98014d98],recordType=[7d7cc64a-06ef-4fd9-895b-b20bea5bb002],site=[b695cb25-a6f7-4cc5-984a-adff03b9b511]]
2025-03-12 00:27:48.185 DEBUG application 98944 ff0759c2-32e5-4184-82b2-94f7a3748678 Invalid associated objects: [datatype=[{urn:com:appian:types:LM}LM_LOOKUP_DETAILS, {urn:com:appian:types:LM}LM_RequestHistoryDetail]]
2025-03-12 00:27:48.185 DEBUG application 98944 ff0759c2-32e5-4184-82b2-94f7a3748678 Adding valid associated objects to be exported: GlobalBindingMap[datatype={{urn:com:appian:types:LM}LM_Employee_Details=9996, {urn:com:appian:types:LM}LM_LoanDetails=10304, {urn:com:appian:types:LM}LM_RequestHistoryDetails=10050, {urn:com:appian:types:LM}LM_Lookup_Details=10042, {urn:com:appian:types:LM}LM_V_Loan_Details=10062, {urn:com:appian:types:LM}LM_loanDocuments=10292},dataStore={_a-0000ec4c-bbbe-8000-babc-01ef9001ef90_815308=100327, _a-0000ec4c-bbbe-8000-babc-01ef9001ef90_816155=99047},group={fd2049d5-5bf6-4300-a4d5-5931fa384b12=1566, 333cb1e1-5e6a-4877-a42d-268aa640749b=1567},content={222aa2d8-d036-47a1-8b2f-350cdb1214a1=98940, aef87afe-5c0c-4dc2-b718-054285ff6a7d=98942, 20f38593-9362-4ece-951e-c698d1a2f3cf=98943, b8e94c48-8a00-426c-a167-cf9c575ad3a2=98941, _a-0000eca8-7ed3-8000-babd-01ef9001ef90_824959=100200, _a-0000eca8-7ed3-8000-babd-01ef9001ef90_824996=100216, _a-0000eca8-7ed3-8000-babd-01ef9001ef90_825015=100204, _a-0000eca8-7ed3-8000-babd-01ef9001ef90_825117=111645, 263b5f9b-b8e6-4907-b52c-ea2f3864f837=100211, _a-0000eca8-7ed3-8000-babd-01ef9001ef90_826178=104477, _a-0000eca8-7ed3-8000-babd-01ef9001ef90_826184=100323, _a-0000eca8-7ed3-8000-babd-01ef9001ef90_826190=100322, _a-0000eca8-7ed3-8000-babd-01ef9001ef90_826202=100324, _a-0000eca8-7ed3-8000-babd-01ef9001ef90_826208=100329, _a-0000eca8-7ed3-8000-babd-01ef9001ef90_843642=102971, _a-0000eca8-7ed3-8000-babd-01ef9001ef90_843648=102968, _a-0000eca8-7ed3-8000-babd-01ef9001ef90_853551=104470, _a-0000eca8-7ed3-8000-babd-01ef9001ef90_853593=104474, _a-0000eca8-7ed3-8000-babd-01ef9001ef90_900850=111642, _a-0000eca8-7ed3-8000-babd-01ef9001ef90_900856=111643},processModelFolder={26a0a9a2-321f-4a6d-a68c-19ee2bf6e1e4=492},processModel={0002ece4-11ce-8000-f531-014d98014d98=7018},recordType={7d7cc64a-06ef-4fd9-895b-b20bea5bb002=876},site={b695cb25-a6f7-4cc5-984a-adff03b9b511=268}]
2025-03-12 00:27:48.185 DEBUG application 98944 ff0759c2-32e5-4184-82b2-94f7a3748678 Setting uuids of object references.
2025-03-12 00:27:48.186 DEBUG application 98944 ff0759c2-32e5-4184-82b2-94f7a3748678 Processing reference: Application.forum
2025-03-12 00:27:48.187 DEBUG application 98944 ff0759c2-32e5-4184-82b2-94f7a3748678 Processing reference: Application.parent
2025-03-12 00:27:48.19 DEBUG application 98944 ff0759c2-32e5-4184-82b2-94f7a3748678 Processing reference: com.appiancorp.suiteapi.content.ContentRoleMap@3bc316cf[
  ContentRole[name=readers,groupIds=[1567],inherit=false,allowForAll=false]
  ContentRole[name=authors,inherit=false,allowForAll=false]
  ContentRole[name=administrators,groupIds=[1566],inherit=false,allowForAll=false]
  ContentRole[name=denyReaders,inherit=false,allowForAll=false]
  ContentRole[name=denyAuthors,inherit=false,allowForAll=false]
  ContentRole[name=denyAdministrators,inherit=false,allowForAll=false]
  securityVector=1:SEC_PUBLIC=true,SEC_CREATOR_ADMIN=false,SEC_INH_ADMIN=false,SEC_INH_EDITOR=false,SEC_INH_VIEWER=false,SEC_ALL_ADMIN=false,SEC_ALL_EDITOR=false,SEC_ALL_VIEWER=false
]
2025-03-12 00:27:48.19 DEBUG application 98944 ff0759c2-32e5-4184-82b2-94f7a3748678 Processing reference: ContentRole[name=readers,groupIds=[1567],inherit=false,allowForAll=false]
2025-03-12 00:27:48.191 DEBUG group 1567 333cb1e1-5e6a-4877-a42d-268aa640749b Begin transport.
2025-03-12 00:27:48.191 DEBUG group 1567 333cb1e1-5e6a-4877-a42d-268aa640749b Retrieving object data.
2025-03-12 00:27:48.198 DEBUG group 1567 333cb1e1-5e6a-4877-a42d-268aa640749b Setting uuids of object references.
2025-03-12 00:27:48.198 DEBUG group 1567 333cb1e1-5e6a-4877-a42d-268aa640749b Processing reference: Role[name=<null>,groupIds=[1566]]
2025-03-12 00:27:48.199 DEBUG group 1566 fd2049d5-5bf6-4300-a4d5-5931fa384b12 Begin transport.
2025-03-12 00:27:48.199 DEBUG group 1566 fd2049d5-5bf6-4300-a4d5-5931fa384b12 Retrieving object data.
2025-03-12 00:27:48.205 DEBUG group 1566 fd2049d5-5bf6-4300-a4d5-5931fa384b12 Setting uuids of object references.
2025-03-12 00:27:48.205 DEBUG group 1566 fd2049d5-5bf6-4300-a4d5-5931fa384b12 Processing reference: Role[name=<null>,groupIds=[1566]]
2025-03-12 00:27:48.206 DEBUG group 1566 fd2049d5-5bf6-4300-a4d5-5931fa384b12 Begin transport.
2025-03-12 00:27:48.206 DEBUG group 1566 fd2049d5-5bf6-4300-a4d5-5931fa384b12 Loop detected: [group:1566]
2025-03-12 00:27:48.206 DEBUG group 1566 Breaking loop [group:1566]. group:1566 will be transported with its reference to 1566 nulled out and will require a second pass.
2025-03-12 00:27:48.206 DEBUG group 1566 fd2049d5-5bf6-4300-a4d5-5931fa384b12 Processing reference: Group.groupTypeId
2025-03-12 00:27:48.208 DEBUG group 1566 fd2049d5-5bf6-4300-a4d5-5931fa384b12 Processing reference: Group.parentId
2025-03-12 00:27:48.208 DEBUG group 1566 fd2049d5-5bf6-4300-a4d5-5931fa384b12 Processing reference: Group.homePageId
2025-03-12 00:27:48.209 DEBUG group 1566 fd2049d5-5bf6-4300-a4d5-5931fa384b12 Processing reference: Role[name=<null>]
2025-03-12 00:27:48.209 DEBUG group 1566 fd2049d5-5bf6-4300-a4d5-5931fa384b12 Object transported with these references nulled out: [group:1566]
2025-03-12 00:27:48.209 DEBUG group 1566 fd2049d5-5bf6-4300-a4d5-5931fa384b12 Binding pending incomplete: group:1566
2025-03-12 00:27:48.21 DEBUG group 1566 fd2049d5-5bf6-4300-a4d5-5931fa384b12 Begin transport.
2025-03-12 00:27:48.21 DEBUG group 1566 fd2049d5-5bf6-4300-a4d5-5931fa384b12 Retrieving object data.
2025-03-12 00:27:48.215 DEBUG group 1566 fd2049d5-5bf6-4300-a4d5-5931fa384b12 Setting uuids of object references.
2025-03-12 00:27:48.215 DEBUG group 1566 fd2049d5-5bf6-4300-a4d5-5931fa384b12 Processing reference: Role[name=<null>,groupIds=[1566]]
2025-03-12 00:27:48.216 DEBUG group 1566 fd2049d5-5bf6-4300-a4d5-5931fa384b12 Processing reference: Group.groupTypeId
2025-03-12 00:27:48.218 DEBUG group 1566 fd2049d5-5bf6-4300-a4d5-5931fa384b12 Processing reference: Group.parentId
2025-03-12 00:27:48.218 DEBUG group 1566 fd2049d5-5bf6-4300-a4d5-5931fa384b12 Processing reference: Group.homePageId
2025-03-12 00:27:48.218 DEBUG group 1566 fd2049d5-5bf6-4300-a4d5-5931fa384b12 Processing reference: Role[name=<null>]
2025-03-12 00:27:48.218 DEBUG group 1566 fd2049d5-5bf6-4300-a4d5-5931fa384b12 Exporting binary resources.
2025-03-12 00:27:48.218 DEBUG group 1566 fd2049d5-5bf6-4300-a4d5-5931fa384b12 Serializing object to XML.
2025-03-12 00:27:48.218 DEBUG group 1566 fd2049d5-5bf6-4300-a4d5-5931fa384b12 Removed object from incomplete list.
2025-03-12 00:27:48.218 DEBUG group 1566 fd2049d5-5bf6-4300-a4d5-5931fa384b12 Object transported.
2025-03-12 00:27:48.218 DEBUG group 1566 fd2049d5-5bf6-4300-a4d5-5931fa384b12 Binding pending incomplete: group:1566
2025-03-12 00:27:48.219 DEBUG group 1567 333cb1e1-5e6a-4877-a42d-268aa640749b Processing reference: Group.groupTypeId
2025-03-12 00:27:48.22 DEBUG group 1567 333cb1e1-5e6a-4877-a42d-268aa640749b Processing reference: Group.parentId
2025-03-12 00:27:48.22 DEBUG group 1567 333cb1e1-5e6a-4877-a42d-268aa640749b Processing reference: Group.homePageId
2025-03-12 00:27:48.22 DEBUG group 1567 333cb1e1-5e6a-4877-a42d-268aa640749b Processing reference: Role[name=<null>,groupIds=[1566]]
2025-03-12 00:27:48.221 DEBUG group 1567 333cb1e1-5e6a-4877-a42d-268aa640749b Exporting binary resources.
2025-03-12 00:27:48.221 DEBUG group 1567 333cb1e1-5e6a-4877-a42d-268aa640749b Serializing object to XML.
2025-03-12 00:27:48.222 DEBUG group 1567 333cb1e1-5e6a-4877-a42d-268aa640749b Object transported.
2025-03-12 00:27:48.222 DEBUG application 98944 ff0759c2-32e5-4184-82b2-94f7a3748678 Processing reference: ContentRole[name=authors,inherit=false,allowForAll=false]
2025-03-12 00:27:48.222 DEBUG application 98944 ff0759c2-32e5-4184-82b2-94f7a3748678 Processing reference: ContentRole[name=administrators,groupIds=[1566],inherit=false,allowForAll=false]
2025-03-12 00:27:48.223 DEBUG application 98944 ff0759c2-32e5-4184-82b2-94f7a3748678 Processing reference: ContentRole[name=denyReaders,inherit=false,allowForAll=false]
2025-03-12 00:27:48.223 DEBUG application 98944 ff0759c2-32e5-4184-82b2-94f7a3748678 Processing reference: ContentRole[name=denyAuthors,inherit=false,allowForAll=false]
2025-03-12 00:27:48.223 DEBUG application 98944 ff0759c2-32e5-4184-82b2-94f7a3748678 Processing reference: ContentRole[name=denyAdministrators,inherit=false,allowForAll=false]
2025-03-12 00:27:48.223 DEBUG datatype 9996 {urn:com:appian:types:LM}LM_Employee_Details Begin transport.
2025-03-12 00:27:48.223 DEBUG datatype 9996 {urn:com:appian:types:LM}LM_Employee_Details Retrieving object data.
2025-03-12 00:27:48.25 DEBUG datatype 9996 {urn:com:appian:types:LM}LM_Employee_Details Setting uuids of object references.
2025-03-12 00:27:48.25 DEBUG datatype 9996 {urn:com:appian:types:LM}LM_Employee_Details Exporting binary resources.
2025-03-12 00:27:48.25 DEBUG datatype 9996 {urn:com:appian:types:LM}LM_Employee_Details Serializing object to XML.
2025-03-12 00:27:48.251 DEBUG datatype 9996 {urn:com:appian:types:LM}LM_Employee_Details Object transported.
2025-03-12 00:27:48.251 DEBUG datatype 10304 {urn:com:appian:types:LM}LM_LoanDetails Begin transport.
2025-03-12 00:27:48.251 DEBUG datatype 10304 {urn:com:appian:types:LM}LM_LoanDetails Retrieving object data.
2025-03-12 00:27:48.285 DEBUG datatype 10304 {urn:com:appian:types:LM}LM_LoanDetails Setting uuids of object references.
2025-03-12 00:27:48.286 DEBUG datatype 10304 {urn:com:appian:types:LM}LM_LoanDetails Exporting binary resources.
2025-03-12 00:27:48.286 DEBUG datatype 10304 {urn:com:appian:types:LM}LM_LoanDetails Serializing object to XML.
2025-03-12 00:27:48.287 DEBUG datatype 10304 {urn:com:appian:types:LM}LM_LoanDetails Object transported.
2025-03-12 00:27:48.287 DEBUG datatype 10050 {urn:com:appian:types:LM}LM_RequestHistoryDetails Begin transport.
2025-03-12 00:27:48.287 DEBUG datatype 10050 {urn:com:appian:types:LM}LM_RequestHistoryDetails Retrieving object data.
2025-03-12 00:27:48.308 DEBUG datatype 10050 {urn:com:appian:types:LM}LM_RequestHistoryDetails Setting uuids of object references.
2025-03-12 00:27:48.309 DEBUG datatype 10050 {urn:com:appian:types:LM}LM_RequestHistoryDetails Exporting binary resources.
2025-03-12 00:27:48.309 DEBUG datatype 10050 {urn:com:appian:types:LM}LM_RequestHistoryDetails Serializing object to XML.
2025-03-12 00:27:48.309 DEBUG datatype 10050 {urn:com:appian:types:LM}LM_RequestHistoryDetails Object transported.
2025-03-12 00:27:48.309 DEBUG datatype 10042 {urn:com:appian:types:LM}LM_Lookup_Details Begin transport.
2025-03-12 00:27:48.309 DEBUG datatype 10042 {urn:com:appian:types:LM}LM_Lookup_Details Retrieving object data.
2025-03-12 00:27:48.328 DEBUG datatype 10042 {urn:com:appian:types:LM}LM_Lookup_Details Setting uuids of object references.
2025-03-12 00:27:48.328 DEBUG datatype 10042 {urn:com:appian:types:LM}LM_Lookup_Details Exporting binary resources.
2025-03-12 00:27:48.328 DEBUG datatype 10042 {urn:com:appian:types:LM}LM_Lookup_Details Serializing object to XML.
2025-03-12 00:27:48.329 DEBUG datatype 10042 {urn:com:appian:types:LM}LM_Lookup_Details Object transported.
2025-03-12 00:27:48.329 DEBUG datatype 10062 {urn:com:appian:types:LM}LM_V_Loan_Details Begin transport.
2025-03-12 00:27:48.329 DEBUG datatype 10062 {urn:com:appian:types:LM}LM_V_Loan_Details Retrieving object data.
2025-03-12 00:27:48.357 DEBUG datatype 10062 {urn:com:appian:types:LM}LM_V_Loan_Details Setting uuids of object references.
2025-03-12 00:27:48.358 DEBUG datatype 10062 {urn:com:appian:types:LM}LM_V_Loan_Details Exporting binary resources.
2025-03-12 00:27:48.358 DEBUG datatype 10062 {urn:com:appian:types:LM}LM_V_Loan_Details Serializing object to XML.
2025-03-12 00:27:48.359 DEBUG datatype 10062 {urn:com:appian:types:LM}LM_V_Loan_Details Object transported.
2025-03-12 00:27:48.359 DEBUG datatype 10292 {urn:com:appian:types:LM}LM_loanDocuments Begin transport.
2025-03-12 00:27:48.359 DEBUG datatype 10292 {urn:com:appian:types:LM}LM_loanDocuments Retrieving object data.
2025-03-12 00:27:48.381 DEBUG datatype 10292 {urn:com:appian:types:LM}LM_loanDocuments Setting uuids of object references.
2025-03-12 00:27:48.382 DEBUG datatype 10292 {urn:com:appian:types:LM}LM_loanDocuments Exporting binary resources.
2025-03-12 00:27:48.382 DEBUG datatype 10292 {urn:com:appian:types:LM}LM_loanDocuments Serializing object to XML.
2025-03-12 00:27:48.382 DEBUG datatype 10292 {urn:com:appian:types:LM}LM_loanDocuments Object transported.
2025-03-12 00:27:48.39 DEBUG dataStore 100327 _a-0000ec4c-bbbe-8000-babc-01ef9001ef90_815308 Begin transport.
2025-03-12 00:27:48.39 DEBUG dataStore 100327 _a-0000ec4c-bbbe-8000-babc-01ef9001ef90_815308 Retrieving object data.
2025-03-12 00:27:48.396 DEBUG dataStore 100327 _a-0000ec4c-bbbe-8000-babc-01ef9001ef90_815308 Setting uuids of object references.
2025-03-12 00:27:48.397 DEBUG dataStore 100327 _a-0000ec4c-bbbe-8000-babc-01ef9001ef90_815308 Processing reference: PersistedDataStoreConfigImpl.dataSourceKey
2025-03-12 00:27:48.403 DEBUG dataStore 100327 _a-0000ec4c-bbbe-8000-babc-01ef9001ef90_815308 Processing reference: datatypeRef[id=9996]
2025-03-12 00:27:48.403 DEBUG dataStore 100327 _a-0000ec4c-bbbe-8000-babc-01ef9001ef90_815308 Processing reference: datatypeRef[id=10304]
2025-03-12 00:27:48.404 DEBUG dataStore 100327 _a-0000ec4c-bbbe-8000-babc-01ef9001ef90_815308 Processing reference: datatypeRef[id=10042]
2025-03-12 00:27:48.404 DEBUG dataStore 100327 _a-0000ec4c-bbbe-8000-babc-01ef9001ef90_815308 Processing reference: datatypeRef[id=10050]
2025-03-12 00:27:48.404 DEBUG dataStore 100327 _a-0000ec4c-bbbe-8000-babc-01ef9001ef90_815308 Processing reference: datatypeRef[id=10292]
2025-03-12 00:27:48.404 DEBUG dataStore 100327 _a-0000ec4c-bbbe-8000-babc-01ef9001ef90_815308 Processing reference: ContentRole[name=administrators,groupIds=[1566],inherit=false,allowForAll=false]
2025-03-12 00:27:48.405 DEBUG dataStore 100327 _a-0000ec4c-bbbe-8000-babc-01ef9001ef90_815308 Processing reference: ContentRole[name=authors,inherit=false,allowForAll=false]
2025-03-12 00:27:48.405 DEBUG dataStore 100327 _a-0000ec4c-bbbe-8000-babc-01ef9001ef90_815308 Processing reference: ContentRole[name=denyAdministrators,inherit=false,allowForAll=false]
2025-03-12 00:27:48.405 DEBUG dataStore 100327 _a-0000ec4c-bbbe-8000-babc-01ef9001ef90_815308 Processing reference: ContentRole[name=denyAuthors,inherit=false,allowForAll=false]
2025-03-12 00:27:48.405 DEBUG dataStore 100327 _a-0000ec4c-bbbe-8000-babc-01ef9001ef90_815308 Processing reference: ContentRole[name=denyReaders,inherit=false,allowForAll=false]
2025-03-12 00:27:48.405 DEBUG dataStore 100327 _a-0000ec4c-bbbe-8000-babc-01ef9001ef90_815308 Processing reference: ContentRole[name=readers,groupIds=[1567],inherit=false,allowForAll=false]
2025-03-12 00:27:48.407 DEBUG dataStore 100327 _a-0000ec4c-bbbe-8000-babc-01ef9001ef90_815308 Exporting binary resources.
2025-03-12 00:27:48.407 DEBUG dataStore 100327 _a-0000ec4c-bbbe-8000-babc-01ef9001ef90_815308 Serializing object to XML.
2025-03-12 00:27:48.407 DEBUG dataStore 100327 _a-0000ec4c-bbbe-8000-babc-01ef9001ef90_815308 Object transported.
2025-03-12 00:27:48.407 DEBUG dataStore 99047 _a-0000ec4c-bbbe-8000-babc-01ef9001ef90_816155 Begin transport.
2025-03-12 00:27:48.407 DEBUG dataStore 99047 _a-0000ec4c-bbbe-8000-babc-01ef9001ef90_816155 Retrieving object data.
2025-03-12 00:27:48.412 DEBUG dataStore 99047 _a-0000ec4c-bbbe-8000-babc-01ef9001ef90_816155 Setting uuids of object references.
2025-03-12 00:27:48.412 DEBUG dataStore 99047 _a-0000ec4c-bbbe-8000-babc-01ef9001ef90_816155 Processing reference: PersistedDataStoreConfigImpl.dataSourceKey
2025-03-12 00:27:48.416 DEBUG dataStore 99047 _a-0000ec4c-bbbe-8000-babc-01ef9001ef90_816155 Processing reference: datatypeRef[id=10062]
2025-03-12 00:27:48.417 DEBUG dataStore 99047 _a-0000ec4c-bbbe-8000-babc-01ef9001ef90_816155 Processing reference: ContentRole[name=administrators,groupIds=[1566],inherit=false,allowForAll=false]
2025-03-12 00:27:48.418 DEBUG dataStore 99047 _a-0000ec4c-bbbe-8000-babc-01ef9001ef90_816155 Processing reference: ContentRole[name=authors,inherit=false,allowForAll=false]
2025-03-12 00:27:48.418 DEBUG dataStore 99047 _a-0000ec4c-bbbe-8000-babc-01ef9001ef90_816155 Processing reference: ContentRole[name=denyAdministrators,inherit=false,allowForAll=false]
2025-03-12 00:27:48.418 DEBUG dataStore 99047 _a-0000ec4c-bbbe-8000-babc-01ef9001ef90_816155 Processing reference: ContentRole[name=denyAuthors,inherit=false,allowForAll=false]
2025-03-12 00:27:48.418 DEBUG dataStore 99047 _a-0000ec4c-bbbe-8000-babc-01ef9001ef90_816155 Processing reference: ContentRole[name=denyReaders,inherit=false,allowForAll=false]
2025-03-12 00:27:48.418 DEBUG dataStore 99047 _a-0000ec4c-bbbe-8000-babc-01ef9001ef90_816155 Processing reference: ContentRole[name=readers,groupIds=[1567],inherit=false,allowForAll=false]
2025-03-12 00:27:48.419 DEBUG dataStore 99047 _a-0000ec4c-bbbe-8000-babc-01ef9001ef90_816155 Exporting binary resources.
2025-03-12 00:27:48.419 DEBUG dataStore 99047 _a-0000ec4c-bbbe-8000-babc-01ef9001ef90_816155 Serializing object to XML.
2025-03-12 00:27:48.42 DEBUG dataStore 99047 _a-0000ec4c-bbbe-8000-babc-01ef9001ef90_816155 Object transported.
2025-03-12 00:27:48.44 DEBUG content 98940 222aa2d8-d036-47a1-8b2f-350cdb1214a1 Begin transport.
2025-03-12 00:27:48.44 DEBUG content 98940 222aa2d8-d036-47a1-8b2f-350cdb1214a1 Retrieving object data.
2025-03-12 00:27:48.445 DEBUG content 98940 222aa2d8-d036-47a1-8b2f-350cdb1214a1 Setting uuids of object references.
2025-03-12 00:27:48.445 DEBUG content 98940 222aa2d8-d036-47a1-8b2f-350cdb1214a1 Processing reference: RulesFolder.forum
2025-03-12 00:27:48.446 DEBUG content 98940 222aa2d8-d036-47a1-8b2f-350cdb1214a1 Processing reference: RulesFolder.parent
2025-03-12 00:27:48.448 DEBUG content 98940 222aa2d8-d036-47a1-8b2f-350cdb1214a1 Processing reference: com.appiancorp.suiteapi.content.ContentRoleMap@7b9e7134[
  ContentRole[name=readers,groupIds=[1567],inherit=false,allowForAll=false]
  ContentRole[name=authors,inherit=false,allowForAll=false]
  ContentRole[name=administrators,groupIds=[1566],inherit=false,allowForAll=false]
  ContentRole[name=denyReaders,inherit=false,allowForAll=false]
  ContentRole[name=denyAuthors,inherit=false,allowForAll=false]
  ContentRole[name=denyAdministrators,inherit=false,allowForAll=false]
  securityVector=1:SEC_PUBLIC=true,SEC_CREATOR_ADMIN=false,SEC_INH_ADMIN=false,SEC_INH_EDITOR=false,SEC_INH_VIEWER=false,SEC_ALL_ADMIN=false,SEC_ALL_EDITOR=false,SEC_ALL_VIEWER=false
]
2025-03-12 00:27:48.448 DEBUG content 98940 222aa2d8-d036-47a1-8b2f-350cdb1214a1 Processing reference: ContentRole[name=readers,groupIds=[1567],inherit=false,allowForAll=false]
2025-03-12 00:27:48.449 DEBUG content 98940 222aa2d8-d036-47a1-8b2f-350cdb1214a1 Processing reference: ContentRole[name=authors,inherit=false,allowForAll=false]
2025-03-12 00:27:48.449 DEBUG content 98940 222aa2d8-d036-47a1-8b2f-350cdb1214a1 Processing reference: ContentRole[name=administrators,groupIds=[1566],inherit=false,allowForAll=false]
2025-03-12 00:27:48.45 DEBUG content 98940 222aa2d8-d036-47a1-8b2f-350cdb1214a1 Processing reference: ContentRole[name=denyReaders,inherit=false,allowForAll=false]
2025-03-12 00:27:48.45 DEBUG content 98940 222aa2d8-d036-47a1-8b2f-350cdb1214a1 Processing reference: ContentRole[name=denyAuthors,inherit=false,allowForAll=false]
2025-03-12 00:27:48.45 DEBUG content 98940 222aa2d8-d036-47a1-8b2f-350cdb1214a1 Processing reference: ContentRole[name=denyAdministrators,inherit=false,allowForAll=false]
2025-03-12 00:27:48.45 DEBUG content 98940 222aa2d8-d036-47a1-8b2f-350cdb1214a1 Exporting binary resources.
2025-03-12 00:27:48.45 DEBUG content 98940 222aa2d8-d036-47a1-8b2f-350cdb1214a1 Serializing object to XML.
2025-03-12 00:27:48.45 DEBUG content 98940 222aa2d8-d036-47a1-8b2f-350cdb1214a1 Object transported.
2025-03-12 00:27:48.45 DEBUG content 98942 aef87afe-5c0c-4dc2-b718-054285ff6a7d Begin transport.
2025-03-12 00:27:48.45 DEBUG content 98942 aef87afe-5c0c-4dc2-b718-054285ff6a7d Retrieving object data.
2025-03-12 00:27:48.455 DEBUG content 98942 aef87afe-5c0c-4dc2-b718-054285ff6a7d Setting uuids of object references.
2025-03-12 00:27:48.455 DEBUG content 98942 aef87afe-5c0c-4dc2-b718-054285ff6a7d Processing reference: KnowledgeFolder.forum
2025-03-12 00:27:48.455 DEBUG content 98942 aef87afe-5c0c-4dc2-b718-054285ff6a7d Processing reference: KnowledgeFolder.parent
2025-03-12 00:27:48.457 DEBUG content 98941 b8e94c48-8a00-426c-a167-cf9c575ad3a2 Begin transport.
2025-03-12 00:27:48.457 DEBUG content 98941 b8e94c48-8a00-426c-a167-cf9c575ad3a2 Retrieving object data.
2025-03-12 00:27:48.462 DEBUG content 98941 b8e94c48-8a00-426c-a167-cf9c575ad3a2 Setting uuids of object references.
2025-03-12 00:27:48.462 DEBUG content 98941 b8e94c48-8a00-426c-a167-cf9c575ad3a2 Processing reference: CommunityKnowledgeCenter.forum
2025-03-12 00:27:48.462 DEBUG content 98941 b8e94c48-8a00-426c-a167-cf9c575ad3a2 Processing reference: CommunityKnowledgeCenter.parent
2025-03-12 00:27:48.463 DEBUG content 98941 b8e94c48-8a00-426c-a167-cf9c575ad3a2 Processing reference: com.appiancorp.suiteapi.content.ContentRoleMap@4fa8331a[
  ContentRole[name=readers,groupIds=[1567],inherit=false,allowForAll=false]
  ContentRole[name=authors,inherit=false,allowForAll=false]
  ContentRole[name=administrators,groupIds=[1566],inherit=false,allowForAll=false]
  ContentRole[name=denyReaders,inherit=false,allowForAll=false]
  ContentRole[name=denyAuthors,inherit=false,allowForAll=false]
  ContentRole[name=denyAdministrators,inherit=false,allowForAll=false]
  securityVector=1:SEC_PUBLIC=true,SEC_CREATOR_ADMIN=false,SEC_INH_ADMIN=false,SEC_INH_EDITOR=false,SEC_INH_VIEWER=false,SEC_ALL_ADMIN=false,SEC_ALL_EDITOR=false,SEC_ALL_VIEWER=false
]
2025-03-12 00:27:48.463 DEBUG content 98941 b8e94c48-8a00-426c-a167-cf9c575ad3a2 Processing reference: ContentRole[name=readers,groupIds=[1567],inherit=false,allowForAll=false]
2025-03-12 00:27:48.464 DEBUG content 98941 b8e94c48-8a00-426c-a167-cf9c575ad3a2 Processing reference: ContentRole[name=authors,inherit=false,allowForAll=false]
2025-03-12 00:27:48.464 DEBUG content 98941 b8e94c48-8a00-426c-a167-cf9c575ad3a2 Processing reference: ContentRole[name=administrators,groupIds=[1566],inherit=false,allowForAll=false]
2025-03-12 00:27:48.465 DEBUG content 98941 b8e94c48-8a00-426c-a167-cf9c575ad3a2 Processing reference: ContentRole[name=denyReaders,inherit=false,allowForAll=false]
2025-03-12 00:27:48.465 DEBUG content 98941 b8e94c48-8a00-426c-a167-cf9c575ad3a2 Processing reference: ContentRole[name=denyAuthors,inherit=false,allowForAll=false]
2025-03-12 00:27:48.465 DEBUG content 98941 b8e94c48-8a00-426c-a167-cf9c575ad3a2 Processing reference: ContentRole[name=denyAdministrators,inherit=false,allowForAll=false]
2025-03-12 00:27:48.465 DEBUG content 98941 b8e94c48-8a00-426c-a167-cf9c575ad3a2 Exporting binary resources.
2025-03-12 00:27:48.465 DEBUG content 98941 b8e94c48-8a00-426c-a167-cf9c575ad3a2 Serializing object to XML.
2025-03-12 00:27:48.466 DEBUG content 98941 b8e94c48-8a00-426c-a167-cf9c575ad3a2 Object transported.
2025-03-12 00:27:48.466 DEBUG content 98942 aef87afe-5c0c-4dc2-b718-054285ff6a7d Processing reference: com.appiancorp.suiteapi.content.ContentRoleMap@6ccb92b5[
  ContentRole[name=readers,inherit=true,allowForAll=false]
  ContentRole[name=authors,inherit=true,allowForAll=false]
  ContentRole[name=administrators,inherit=true,allowForAll=false]
  ContentRole[name=denyReaders,inherit=false,allowForAll=false]
  ContentRole[name=denyAuthors,inherit=false,allowForAll=false]
  ContentRole[name=denyAdministrators,inherit=false,allowForAll=false]
  securityVector=15:SEC_PUBLIC=true,SEC_CREATOR_ADMIN=false,SEC_INH_ADMIN=true,SEC_INH_EDITOR=true,SEC_INH_VIEWER=true,SEC_ALL_ADMIN=false,SEC_ALL_EDITOR=false,SEC_ALL_VIEWER=false
]
2025-03-12 00:27:48.466 DEBUG content 98942 aef87afe-5c0c-4dc2-b718-054285ff6a7d Processing reference: ContentRole[name=readers,inherit=true,allowForAll=false]
2025-03-12 00:27:48.466 DEBUG content 98942 aef87afe-5c0c-4dc2-b718-054285ff6a7d Processing reference: ContentRole[name=authors,inherit=true,allowForAll=false]
2025-03-12 00:27:48.466 DEBUG content 98942 aef87afe-5c0c-4dc2-b718-054285ff6a7d Processing reference: ContentRole[name=administrators,inherit=true,allowForAll=false]
2025-03-12 00:27:48.466 DEBUG content 98942 aef87afe-5c0c-4dc2-b718-054285ff6a7d Processing reference: ContentRole[name=denyReaders,inherit=false,allowForAll=false]
2025-03-12 00:27:48.466 DEBUG content 98942 aef87afe-5c0c-4dc2-b718-054285ff6a7d Processing reference: ContentRole[name=denyAuthors,inherit=false,allowForAll=false]
2025-03-12 00:27:48.466 DEBUG content 98942 aef87afe-5c0c-4dc2-b718-054285ff6a7d Processing reference: ContentRole[name=denyAdministrators,inherit=false,allowForAll=false]
2025-03-12 00:27:48.466 DEBUG content 98942 aef87afe-5c0c-4dc2-b718-054285ff6a7d Exporting binary resources.
2025-03-12 00:27:48.466 DEBUG content 98942 aef87afe-5c0c-4dc2-b718-054285ff6a7d Serializing object to XML.
2025-03-12 00:27:48.466 DEBUG content 98942 aef87afe-5c0c-4dc2-b718-054285ff6a7d Object transported.
2025-03-12 00:27:48.466 DEBUG content 98943 20f38593-9362-4ece-951e-c698d1a2f3cf Begin transport.
2025-03-12 00:27:48.466 DEBUG content 98943 20f38593-9362-4ece-951e-c698d1a2f3cf Retrieving object data.
2025-03-12 00:27:48.471 DEBUG content 98943 20f38593-9362-4ece-951e-c698d1a2f3cf Setting uuids of object references.
2025-03-12 00:27:48.471 DEBUG content 98943 20f38593-9362-4ece-951e-c698d1a2f3cf Processing reference: KnowledgeFolder.forum
2025-03-12 00:27:48.471 DEBUG content 98943 20f38593-9362-4ece-951e-c698d1a2f3cf Processing reference: KnowledgeFolder.parent
2025-03-12 00:27:48.473 DEBUG content 98943 20f38593-9362-4ece-951e-c698d1a2f3cf Processing reference: com.appiancorp.suiteapi.content.ContentRoleMap@6cfa3ff8[
  ContentRole[name=readers,inherit=true,allowForAll=false]
  ContentRole[name=authors,inherit=true,allowForAll=false]
  ContentRole[name=administrators,inherit=true,allowForAll=false]
  ContentRole[name=denyReaders,inherit=false,allowForAll=false]
  ContentRole[name=denyAuthors,inherit=false,allowForAll=false]
  ContentRole[name=denyAdministrators,inherit=false,allowForAll=false]
  securityVector=15:SEC_PUBLIC=true,SEC_CREATOR_ADMIN=false,SEC_INH_ADMIN=true,SEC_INH_EDITOR=true,SEC_INH_VIEWER=true,SEC_ALL_ADMIN=false,SEC_ALL_EDITOR=false,SEC_ALL_VIEWER=false
]
2025-03-12 00:27:48.473 DEBUG content 98943 20f38593-9362-4ece-951e-c698d1a2f3cf Processing reference: ContentRole[name=readers,inherit=true,allowForAll=false]
2025-03-12 00:27:48.473 DEBUG content 98943 20f38593-9362-4ece-951e-c698d1a2f3cf Processing reference: ContentRole[name=authors,inherit=true,allowForAll=false]
2025-03-12 00:27:48.473 DEBUG content 98943 20f38593-9362-4ece-951e-c698d1a2f3cf Processing reference: ContentRole[name=administrators,inherit=true,allowForAll=false]
2025-03-12 00:27:48.473 DEBUG content 98943 20f38593-9362-4ece-951e-c698d1a2f3cf Processing reference: ContentRole[name=denyReaders,inherit=false,allowForAll=false]
2025-03-12 00:27:48.473 DEBUG content 98943 20f38593-9362-4ece-951e-c698d1a2f3cf Processing reference: ContentRole[name=denyAuthors,inherit=false,allowForAll=false]
2025-03-12 00:27:48.473 DEBUG content 98943 20f38593-9362-4ece-951e-c698d1a2f3cf Processing reference: ContentRole[name=denyAdministrators,inherit=false,allowForAll=false]
2025-03-12 00:27:48.473 DEBUG content 98943 20f38593-9362-4ece-951e-c698d1a2f3cf Exporting binary resources.
2025-03-12 00:27:48.473 DEBUG content 98943 20f38593-9362-4ece-951e-c698d1a2f3cf Serializing object to XML.
2025-03-12 00:27:48.473 DEBUG content 98943 20f38593-9362-4ece-951e-c698d1a2f3cf Object transported.
2025-03-12 00:27:48.473 DEBUG content 100200 _a-0000eca8-7ed3-8000-babd-01ef9001ef90_824959 Begin transport.
2025-03-12 00:27:48.473 DEBUG content 100200 _a-0000eca8-7ed3-8000-babd-01ef9001ef90_824959 Retrieving object data.
2025-03-12 00:27:48.479 DEBUG content 100200 _a-0000eca8-7ed3-8000-babd-01ef9001ef90_824959 Setting uuids of object references.
2025-03-12 00:27:48.479 DEBUG content 100200 _a-0000eca8-7ed3-8000-babd-01ef9001ef90_824959 Processing reference: [Content:id=100200,versionId=-1,name=LM_SEC_employeeDetails,type=32,subtype=6,uuid=_a-0000eca8-7ed3-8000-babd-01ef9001ef90_824959,parent=98940]
2025-03-12 00:27:48.481 DEBUG content 100200 _a-0000eca8-7ed3-8000-babd-01ef9001ef90_824959 Processing reference: Interface.forum
2025-03-12 00:27:48.482 DEBUG content 100200 _a-0000eca8-7ed3-8000-babd-01ef9001ef90_824959 Processing reference: TypedVariable[name=employeeDetails,it=9996,v=<null>]
2025-03-12 00:27:48.482 DEBUG content 100200 _a-0000eca8-7ed3-8000-babd-01ef9001ef90_824959 Processing reference: Interface.parent
2025-03-12 00:27:48.484 DEBUG content 100200 _a-0000eca8-7ed3-8000-babd-01ef9001ef90_824959 Processing reference: com.appiancorp.suiteapi.content.ContentRoleMap@3020c03a[
  ContentRole[name=readers,inherit=true,allowForAll=false]
  ContentRole[name=authors,inherit=true,allowForAll=false]
  ContentRole[name=administrators,inherit=true,allowForAll=false]
  ContentRole[name=denyReaders,inherit=false,allowForAll=false]
  ContentRole[name=denyAuthors,inherit=false,allowForAll=false]
  ContentRole[name=denyAdministrators,inherit=false,allowForAll=false]
  securityVector=15:SEC_PUBLIC=true,SEC_CREATOR_ADMIN=false,SEC_INH_ADMIN=true,SEC_INH_EDITOR=true,SEC_INH_VIEWER=true,SEC_ALL_ADMIN=false,SEC_ALL_EDITOR=false,SEC_ALL_VIEWER=false
]
2025-03-12 00:27:48.484 DEBUG content 100200 _a-0000eca8-7ed3-8000-babd-01ef9001ef90_824959 Processing reference: ContentRole[name=readers,inherit=true,allowForAll=false]
2025-03-12 00:27:48.484 DEBUG content 100200 _a-0000eca8-7ed3-8000-babd-01ef9001ef90_824959 Processing reference: ContentRole[name=authors,inherit=true,allowForAll=false]
2025-03-12 00:27:48.484 DEBUG content 100200 _a-0000eca8-7ed3-8000-babd-01ef9001ef90_824959 Processing reference: ContentRole[name=administrators,inherit=true,allowForAll=false]
2025-03-12 00:27:48.484 DEBUG content 100200 _a-0000eca8-7ed3-8000-babd-01ef9001ef90_824959 Processing reference: ContentRole[name=denyReaders,inherit=false,allowForAll=false]
2025-03-12 00:27:48.484 DEBUG content 100200 _a-0000eca8-7ed3-8000-babd-01ef9001ef90_824959 Processing reference: ContentRole[name=denyAuthors,inherit=false,allowForAll=false]
2025-03-12 00:27:48.484 DEBUG content 100200 _a-0000eca8-7ed3-8000-babd-01ef9001ef90_824959 Processing reference: ContentRole[name=denyAdministrators,inherit=false,allowForAll=false]
2025-03-12 00:27:48.484 DEBUG content 100200 _a-0000eca8-7ed3-8000-babd-01ef9001ef90_824959 Exporting binary resources.
2025-03-12 00:27:48.484 DEBUG content 100200 _a-0000eca8-7ed3-8000-babd-01ef9001ef90_824959 Serializing object to XML.
2025-03-12 00:27:48.486 DEBUG content 100200 _a-0000eca8-7ed3-8000-babd-01ef9001ef90_824959 Object transported.
2025-03-12 00:27:48.486 DEBUG content 100216 _a-0000eca8-7ed3-8000-babd-01ef9001ef90_824996 Begin transport.
2025-03-12 00:27:48.486 DEBUG content 100216 _a-0000eca8-7ed3-8000-babd-01ef9001ef90_824996 Retrieving object data.
2025-03-12 00:27:48.493 DEBUG content 100216 _a-0000eca8-7ed3-8000-babd-01ef9001ef90_824996 Setting uuids of object references.
2025-03-12 00:27:48.493 DEBUG content 100216 _a-0000eca8-7ed3-8000-babd-01ef9001ef90_824996 Processing reference: [Content:id=100201,versionId=-1,name=LM_SEC_loanDetails,type=32,subtype=6,uuid=_a-0000eca8-7ed3-8000-babd-01ef9001ef90_824996,parent=98940]
2025-03-12 00:27:48.503 DEBUG content 100216 _a-0000eca8-7ed3-8000-babd-01ef9001ef90_824996 Processing reference: Interface.forum
2025-03-12 00:27:48.503 DEBUG content 100216 _a-0000eca8-7ed3-8000-babd-01ef9001ef90_824996 Processing reference: TypedVariable[name=loanDetails,it=10304,v=<null>]
2025-03-12 00:27:48.503 DEBUG content 100216 _a-0000eca8-7ed3-8000-babd-01ef9001ef90_824996 Processing reference: TypedVariable[name=lookupDetails,it=7581,v=<null>]
2025-03-12 00:27:48.508 DEBUG content 100216 _a-0000eca8-7ed3-8000-babd-01ef9001ef90_824996 Processing reference: Interface.parent
2025-03-12 00:27:48.51 DEBUG content 100216 _a-0000eca8-7ed3-8000-babd-01ef9001ef90_824996 Processing reference: com.appiancorp.suiteapi.content.ContentRoleMap@26978e9e[
  ContentRole[name=readers,inherit=true,allowForAll=false]
  ContentRole[name=authors,inherit=true,allowForAll=false]
  ContentRole[name=administrators,inherit=true,allowForAll=false]
  ContentRole[name=denyReaders,inherit=false,allowForAll=false]
  ContentRole[name=denyAuthors,inherit=false,allowForAll=false]
  ContentRole[name=denyAdministrators,inherit=false,allowForAll=false]
  securityVector=15:SEC_PUBLIC=true,SEC_CREATOR_ADMIN=false,SEC_INH_ADMIN=true,SEC_INH_EDITOR=true,SEC_INH_VIEWER=true,SEC_ALL_ADMIN=false,SEC_ALL_EDITOR=false,SEC_ALL_VIEWER=false
]
2025-03-12 00:27:48.51 DEBUG content 100216 _a-0000eca8-7ed3-8000-babd-01ef9001ef90_824996 Processing reference: ContentRole[name=readers,inherit=true,allowForAll=false]
2025-03-12 00:27:48.51 DEBUG content 100216 _a-0000eca8-7ed3-8000-babd-01ef9001ef90_824996 Processing reference: ContentRole[name=authors,inherit=true,allowForAll=false]
2025-03-12 00:27:48.51 DEBUG content 100216 _a-0000eca8-7ed3-8000-babd-01ef9001ef90_824996 Processing reference: ContentRole[name=administrators,inherit=true,allowForAll=false]
2025-03-12 00:27:48.51 DEBUG content 100216 _a-0000eca8-7ed3-8000-babd-01ef9001ef90_824996 Processing reference: ContentRole[name=denyReaders,inherit=false,allowForAll=false]
2025-03-12 00:27:48.51 DEBUG content 100216 _a-0000eca8-7ed3-8000-babd-01ef9001ef90_824996 Processing reference: ContentRole[name=denyAuthors,inherit=false,allowForAll=false]
2025-03-12 00:27:48.51 DEBUG content 100216 _a-0000eca8-7ed3-8000-babd-01ef9001ef90_824996 Processing reference: ContentRole[name=denyAdministrators,inherit=false,allowForAll=false]
2025-03-12 00:27:48.51 DEBUG content 100216 _a-0000eca8-7ed3-8000-babd-01ef9001ef90_824996 Exporting binary resources.
2025-03-12 00:27:48.51 DEBUG content 100216 _a-0000eca8-7ed3-8000-babd-01ef9001ef90_824996 Serializing object to XML.
2025-03-12 00:27:48.513 DEBUG content 100216 _a-0000eca8-7ed3-8000-babd-01ef9001ef90_824996 Object transported.
2025-03-12 00:27:48.513 DEBUG content 100204 _a-0000eca8-7ed3-8000-babd-01ef9001ef90_825015 Begin transport.
2025-03-12 00:27:48.513 DEBUG content 100204 _a-0000eca8-7ed3-8000-babd-01ef9001ef90_825015 Retrieving object data.
2025-03-12 00:27:48.518 DEBUG content 100204 _a-0000eca8-7ed3-8000-babd-01ef9001ef90_825015 Setting uuids of object references.
2025-03-12 00:27:48.518 DEBUG content 100204 _a-0000eca8-7ed3-8000-babd-01ef9001ef90_825015 Processing reference: [Content:id=100204,versionId=-1,name=LM_CDT_LOOKUP_DETAILS,type=32,subtype=0,uuid=_a-0000eca8-7ed3-8000-babd-01ef9001ef90_825015,parent=98940]
2025-03-12 00:27:48.522 DEBUG content 100204 _a-0000eca8-7ed3-8000-babd-01ef9001ef90_825015 Processing reference: Constant.forum
2025-03-12 00:27:48.522 DEBUG content 100204 _a-0000eca8-7ed3-8000-babd-01ef9001ef90_825015 Processing reference: Constant.parent
2025-03-12 00:27:48.524 DEBUG content 100204 _a-0000eca8-7ed3-8000-babd-01ef9001ef90_825015 Processing reference: com.appiancorp.suiteapi.content.ContentRoleMap@3032a0e4[
  ContentRole[name=readers,inherit=true,allowForAll=false]
  ContentRole[name=authors,inherit=true,allowForAll=false]
  ContentRole[name=administrators,inherit=true,allowForAll=false]
  ContentRole[name=denyReaders,inherit=false,allowForAll=false]
  ContentRole[name=denyAuthors,inherit=false,allowForAll=false]
  ContentRole[name=denyAdministrators,inherit=false,allowForAll=false]
  securityVector=15:SEC_PUBLIC=true,SEC_CREATOR_ADMIN=false,SEC_INH_ADMIN=true,SEC_INH_EDITOR=true,SEC_INH_VIEWER=true,SEC_ALL_ADMIN=false,SEC_ALL_EDITOR=false,SEC_ALL_VIEWER=false
]
2025-03-12 00:27:48.524 DEBUG content 100204 _a-0000eca8-7ed3-8000-babd-01ef9001ef90_825015 Processing reference: ContentRole[name=readers,inherit=true,allowForAll=false]
2025-03-12 00:27:48.524 DEBUG content 100204 _a-0000eca8-7ed3-8000-babd-01ef9001ef90_825015 Processing reference: ContentRole[name=authors,inherit=true,allowForAll=false]
2025-03-12 00:27:48.524 DEBUG content 100204 _a-0000eca8-7ed3-8000-babd-01ef9001ef90_825015 Processing reference: ContentRole[name=administrators,inherit=true,allowForAll=false]
2025-03-12 00:27:48.524 DEBUG content 100204 _a-0000eca8-7ed3-8000-babd-01ef9001ef90_825015 Processing reference: ContentRole[name=denyReaders,inherit=false,allowForAll=false]
2025-03-12 00:27:48.524 DEBUG content 100204 _a-0000eca8-7ed3-8000-babd-01ef9001ef90_825015 Processing reference: ContentRole[name=denyAuthors,inherit=false,allowForAll=false]
2025-03-12 00:27:48.524 DEBUG content 100204 _a-0000eca8-7ed3-8000-babd-01ef9001ef90_825015 Processing reference: ContentRole[name=denyAdministrators,inherit=false,allowForAll=false]
2025-03-12 00:27:48.524 DEBUG content 100204 _a-0000eca8-7ed3-8000-babd-01ef9001ef90_825015 Exporting binary resources.
2025-03-12 00:27:48.524 DEBUG content 100204 _a-0000eca8-7ed3-8000-babd-01ef9001ef90_825015 Serializing object to XML.
2025-03-12 00:27:48.526 DEBUG content 100204 _a-0000eca8-7ed3-8000-babd-01ef9001ef90_825015 Object transported.
2025-03-12 00:27:48.526 DEBUG content 111645 _a-0000eca8-7ed3-8000-babd-01ef9001ef90_825117 Begin transport.
2025-03-12 00:27:48.526 DEBUG content 111645 _a-0000eca8-7ed3-8000-babd-01ef9001ef90_825117 Retrieving object data.
2025-03-12 00:27:48.534 DEBUG content 111645 _a-0000eca8-7ed3-8000-babd-01ef9001ef90_825117 Setting uuids of object references.
2025-03-12 00:27:48.534 DEBUG content 111645 _a-0000eca8-7ed3-8000-babd-01ef9001ef90_825117 Processing reference: [Content:id=100217,versionId=-1,name=LM_SEC_documentsAndComments,type=32,subtype=6,uuid=_a-0000eca8-7ed3-8000-babd-01ef9001ef90_825117,parent=98940]
2025-03-12 00:27:48.537 DEBUG content 111645 _a-0000eca8-7ed3-8000-babd-01ef9001ef90_825117 Processing reference: Interface.forum
2025-03-12 00:27:48.537 DEBUG content 111645 _a-0000eca8-7ed3-8000-babd-01ef9001ef90_825117 Processing reference: TypedVariable[name=documentDetails,it=7555,v=<null>]
2025-03-12 00:27:48.541 DEBUG content 111645 _a-0000eca8-7ed3-8000-babd-01ef9001ef90_825117 Processing reference: TypedVariable[name=lookupdetails,it=10043,v=<null>]
2025-03-12 00:27:48.541 DEBUG content 111645 _a-0000eca8-7ed3-8000-babd-01ef9001ef90_825117 Processing reference: TypedVariable[name=comments,it=3,v=]
2025-03-12 00:27:48.541 DEBUG content 111645 _a-0000eca8-7ed3-8000-babd-01ef9001ef90_825117 Processing reference: Interface.parent
2025-03-12 00:27:48.543 DEBUG content 111645 _a-0000eca8-7ed3-8000-babd-01ef9001ef90_825117 Processing reference: com.appiancorp.suiteapi.content.ContentRoleMap@b3a305[
  ContentRole[name=readers,inherit=true,allowForAll=false]
  ContentRole[name=authors,inherit=true,allowForAll=false]
  ContentRole[name=administrators,inherit=true,allowForAll=false]
  ContentRole[name=denyReaders,inherit=false,allowForAll=false]
  ContentRole[name=denyAuthors,inherit=false,allowForAll=false]
  ContentRole[name=denyAdministrators,inherit=false,allowForAll=false]
  securityVector=15:SEC_PUBLIC=true,SEC_CREATOR_ADMIN=false,SEC_INH_ADMIN=true,SEC_INH_EDITOR=true,SEC_INH_VIEWER=true,SEC_ALL_ADMIN=false,SEC_ALL_EDITOR=false,SEC_ALL_VIEWER=false
]
2025-03-12 00:27:48.543 DEBUG content 111645 _a-0000eca8-7ed3-8000-babd-01ef9001ef90_825117 Processing reference: ContentRole[name=readers,inherit=true,allowForAll=false]
2025-03-12 00:27:48.543 DEBUG content 111645 _a-0000eca8-7ed3-8000-babd-01ef9001ef90_825117 Processing reference: ContentRole[name=authors,inherit=true,allowForAll=false]
2025-03-12 00:27:48.543 DEBUG content 111645 _a-0000eca8-7ed3-8000-babd-01ef9001ef90_825117 Processing reference: ContentRole[name=administrators,inherit=true,allowForAll=false]
2025-03-12 00:27:48.543 DEBUG content 111645 _a-0000eca8-7ed3-8000-babd-01ef9001ef90_825117 Processing reference: ContentRole[name=denyReaders,inherit=false,allowForAll=false]
2025-03-12 00:27:48.543 DEBUG content 111645 _a-0000eca8-7ed3-8000-babd-01ef9001ef90_825117 Processing reference: ContentRole[name=denyAuthors,inherit=false,allowForAll=false]
2025-03-12 00:27:48.543 DEBUG content 111645 _a-0000eca8-7ed3-8000-babd-01ef9001ef90_825117 Processing reference: ContentRole[name=denyAdministrators,inherit=false,allowForAll=false]
2025-03-12 00:27:48.548 DEBUG content 111645 _a-0000eca8-7ed3-8000-babd-01ef9001ef90_825117 Exporting binary resources.
2025-03-12 00:27:48.548 DEBUG content 111645 _a-0000eca8-7ed3-8000-babd-01ef9001ef90_825117 Serializing object to XML.
2025-03-12 00:27:48.552 DEBUG content 111645 _a-0000eca8-7ed3-8000-babd-01ef9001ef90_825117 Object transported.
2025-03-12 00:27:48.552 DEBUG content 100211 263b5f9b-b8e6-4907-b52c-ea2f3864f837 Begin transport.
2025-03-12 00:27:48.552 DEBUG content 100211 263b5f9b-b8e6-4907-b52c-ea2f3864f837 Retrieving object data.
2025-03-12 00:27:48.557 DEBUG content 100211 263b5f9b-b8e6-4907-b52c-ea2f3864f837 Setting uuids of object references.
2025-03-12 00:27:48.557 DEBUG content 100211 263b5f9b-b8e6-4907-b52c-ea2f3864f837 Processing reference: [Content:id=100209,versionId=-1,name=LM_QE_getLookupDetails,type=32,subtype=1,uuid=263b5f9b-b8e6-4907-b52c-ea2f3864f837,parent=98940]
2025-03-12 00:27:48.561 DEBUG content 100211 263b5f9b-b8e6-4907-b52c-ea2f3864f837 Processing reference: FreeformRule.forum
2025-03-12 00:27:48.561 DEBUG content 100211 263b5f9b-b8e6-4907-b52c-ea2f3864f837 Processing reference: FreeformRule.parent
2025-03-12 00:27:48.563 DEBUG content 100211 263b5f9b-b8e6-4907-b52c-ea2f3864f837 Processing reference: com.appiancorp.suiteapi.content.ContentRoleMap@1a6d0a8c[
  ContentRole[name=readers,inherit=true,allowForAll=false]
  ContentRole[name=authors,inherit=true,allowForAll=false]
  ContentRole[name=administrators,inherit=true,allowForAll=false]
  ContentRole[name=denyReaders,inherit=false,allowForAll=false]
  ContentRole[name=denyAuthors,inherit=false,allowForAll=false]
  ContentRole[name=denyAdministrators,inherit=false,allowForAll=false]
  securityVector=15:SEC_PUBLIC=true,SEC_CREATOR_ADMIN=false,SEC_INH_ADMIN=true,SEC_INH_EDITOR=true,SEC_INH_VIEWER=true,SEC_ALL_ADMIN=false,SEC_ALL_EDITOR=false,SEC_ALL_VIEWER=false
]
2025-03-12 00:27:48.563 DEBUG content 100211 263b5f9b-b8e6-4907-b52c-ea2f3864f837 Processing reference: ContentRole[name=readers,inherit=true,allowForAll=false]
2025-03-12 00:27:48.563 DEBUG content 100211 263b5f9b-b8e6-4907-b52c-ea2f3864f837 Processing reference: ContentRole[name=authors,inherit=true,allowForAll=false]
2025-03-12 00:27:48.563 DEBUG content 100211 263b5f9b-b8e6-4907-b52c-ea2f3864f837 Processing reference: ContentRole[name=administrators,inherit=true,allowForAll=false]
2025-03-12 00:27:48.563 DEBUG content 100211 263b5f9b-b8e6-4907-b52c-ea2f3864f837 Processing reference: ContentRole[name=denyReaders,inherit=false,allowForAll=false]
2025-03-12 00:27:48.563 DEBUG content 100211 263b5f9b-b8e6-4907-b52c-ea2f3864f837 Processing reference: ContentRole[name=denyAuthors,inherit=false,allowForAll=false]
2025-03-12 00:27:48.563 DEBUG content 100211 263b5f9b-b8e6-4907-b52c-ea2f3864f837 Processing reference: ContentRole[name=denyAdministrators,inherit=false,allowForAll=false]
2025-03-12 00:27:48.563 DEBUG content 100211 263b5f9b-b8e6-4907-b52c-ea2f3864f837 Exporting binary resources.
2025-03-12 00:27:48.563 DEBUG content 100211 263b5f9b-b8e6-4907-b52c-ea2f3864f837 Serializing object to XML.
2025-03-12 00:27:48.563 DEBUG content 100211 263b5f9b-b8e6-4907-b52c-ea2f3864f837 Object transported.
2025-03-12 00:27:48.563 DEBUG content 104477 _a-0000eca8-7ed3-8000-babd-01ef9001ef90_826178 Begin transport.
2025-03-12 00:27:48.563 DEBUG content 104477 _a-0000eca8-7ed3-8000-babd-01ef9001ef90_826178 Retrieving object data.
2025-03-12 00:27:48.569 DEBUG content 104477 _a-0000eca8-7ed3-8000-babd-01ef9001ef90_826178 Setting uuids of object references.
2025-03-12 00:27:48.569 DEBUG content 104477 _a-0000eca8-7ed3-8000-babd-01ef9001ef90_826178 Processing reference: [Content:id=100320,versionId=-1,name=LM_FRM_loanInitiation,type=32,subtype=6,uuid=_a-0000eca8-7ed3-8000-babd-01ef9001ef90_826178,parent=98940]
2025-03-12 00:27:48.594 DEBUG content 104477 _a-0000eca8-7ed3-8000-babd-01ef9001ef90_826178 Processing reference: Interface.forum
2025-03-12 00:27:48.594 DEBUG content 104477 _a-0000eca8-7ed3-8000-babd-01ef9001ef90_826178 Processing reference: TypedVariable[name=employeeDetails,it=9996,v=<null>]
2025-03-12 00:27:48.594 DEBUG content 104477 _a-0000eca8-7ed3-8000-babd-01ef9001ef90_826178 Processing reference: TypedVariable[name=loanDetails,it=10304,v=<null>]
2025-03-12 00:27:48.594 DEBUG content 104477 _a-0000eca8-7ed3-8000-babd-01ef9001ef90_826178 Processing reference: TypedVariable[name=documentDetails,it=10293,v=<null>]
2025-03-12 00:27:48.594 DEBUG content 104477 _a-0000eca8-7ed3-8000-babd-01ef9001ef90_826178 Processing reference: TypedVariable[name=requestHistory,it=10050,v=<null>]
2025-03-12 00:27:48.594 DEBUG content 104477 _a-0000eca8-7ed3-8000-babd-01ef9001ef90_826178 Processing reference: TypedVariable[name=loanId,it=1,v=<null>]
2025-03-12 00:27:48.594 DEBUG content 104477 _a-0000eca8-7ed3-8000-babd-01ef9001ef90_826178 Processing reference: TypedVariable[name=buttonAction,it=3,v=]
2025-03-12 00:27:48.594 DEBUG content 104477 _a-0000eca8-7ed3-8000-babd-01ef9001ef90_826178 Processing reference: TypedVariable[name=comments,it=3,v=]
2025-03-12 00:27:48.594 DEBUG content 104477 _a-0000eca8-7ed3-8000-babd-01ef9001ef90_826178 Processing reference: Interface.parent
2025-03-12 00:27:48.597 DEBUG content 104477 _a-0000eca8-7ed3-8000-babd-01ef9001ef90_826178 Processing reference: com.appiancorp.suiteapi.content.ContentRoleMap@6dc91c67[
  ContentRole[name=readers,inherit=true,allowForAll=false]
  ContentRole[name=authors,inherit=true,allowForAll=false]
  ContentRole[name=administrators,inherit=true,allowForAll=false]
  ContentRole[name=denyReaders,inherit=false,allowForAll=false]
  ContentRole[name=denyAuthors,inherit=false,allowForAll=false]
  ContentRole[name=denyAdministrators,inherit=false,allowForAll=false]
  securityVector=15:SEC_PUBLIC=true,SEC_CREATOR_ADMIN=false,SEC_INH_ADMIN=true,SEC_INH_EDITOR=true,SEC_INH_VIEWER=true,SEC_ALL_ADMIN=false,SEC_ALL_EDITOR=false,SEC_ALL_VIEWER=false
]
2025-03-12 00:27:48.597 DEBUG content 104477 _a-0000eca8-7ed3-8000-babd-01ef9001ef90_826178 Processing reference: ContentRole[name=readers,inherit=true,allowForAll=false]
2025-03-12 00:27:48.597 DEBUG content 104477 _a-0000eca8-7ed3-8000-babd-01ef9001ef90_826178 Processing reference: ContentRole[name=authors,inherit=true,allowForAll=false]
2025-03-12 00:27:48.597 DEBUG content 104477 _a-0000eca8-7ed3-8000-babd-01ef9001ef90_826178 Processing reference: ContentRole[name=administrators,inherit=true,allowForAll=false]
2025-03-12 00:27:48.597 DEBUG content 104477 _a-0000eca8-7ed3-8000-babd-01ef9001ef90_826178 Processing reference: ContentRole[name=denyReaders,inherit=false,allowForAll=false]
2025-03-12 00:27:48.597 DEBUG content 104477 _a-0000eca8-7ed3-8000-babd-01ef9001ef90_826178 Processing reference: ContentRole[name=denyAuthors,inherit=false,allowForAll=false]
2025-03-12 00:27:48.597 DEBUG content 104477 _a-0000eca8-7ed3-8000-babd-01ef9001ef90_826178 Processing reference: ContentRole[name=denyAdministrators,inherit=false,allowForAll=false]
2025-03-12 00:27:48.597 DEBUG content 104477 _a-0000eca8-7ed3-8000-babd-01ef9001ef90_826178 Exporting binary resources.
2025-03-12 00:27:48.597 DEBUG content 104477 _a-0000eca8-7ed3-8000-babd-01ef9001ef90_826178 Serializing object to XML.
2025-03-12 00:27:48.602 DEBUG content 104477 _a-0000eca8-7ed3-8000-babd-01ef9001ef90_826178 Object transported.
2025-03-12 00:27:48.602 DEBUG content 100323 _a-0000eca8-7ed3-8000-babd-01ef9001ef90_826184 Begin transport.
2025-03-12 00:27:48.602 DEBUG content 100323 _a-0000eca8-7ed3-8000-babd-01ef9001ef90_826184 Retrieving object data.
2025-03-12 00:27:48.608 DEBUG content 100323 _a-0000eca8-7ed3-8000-babd-01ef9001ef90_826184 Setting uuids of object references.
2025-03-12 00:27:48.608 DEBUG content 100323 _a-0000eca8-7ed3-8000-babd-01ef9001ef90_826184 Processing reference: [Content:id=100321,versionId=-1,name=LM_QE_getEmployeeDetailsBasedOnFilters,type=32,subtype=1,uuid=_a-0000eca8-7ed3-8000-babd-01ef9001ef90_826184,parent=98940]
2025-03-12 00:27:48.611 DEBUG content 100322 _a-0000eca8-7ed3-8000-babd-01ef9001ef90_826190 Begin transport.
2025-03-12 00:27:48.611 DEBUG content 100322 _a-0000eca8-7ed3-8000-babd-01ef9001ef90_826190 Retrieving object data.
2025-03-12 00:27:48.616 DEBUG content 100322 _a-0000eca8-7ed3-8000-babd-01ef9001ef90_826190 Setting uuids of object references.
2025-03-12 00:27:48.616 DEBUG content 100322 _a-0000eca8-7ed3-8000-babd-01ef9001ef90_826190 Processing reference: [Content:id=100322,versionId=-1,name=LM_CDT_EMPLOYEE_DETAILS,type=32,subtype=0,uuid=_a-0000eca8-7ed3-8000-babd-01ef9001ef90_826190,parent=98940]
2025-03-12 00:27:48.62 DEBUG content 100322 _a-0000eca8-7ed3-8000-babd-01ef9001ef90_826190 Processing reference: Constant.forum
2025-03-12 00:27:48.62 DEBUG content 100322 _a-0000eca8-7ed3-8000-babd-01ef9001ef90_826190 Processing reference: Constant.parent
2025-03-12 00:27:48.622 DEBUG content 100322 _a-0000eca8-7ed3-8000-babd-01ef9001ef90_826190 Processing reference: com.appiancorp.suiteapi.content.ContentRoleMap@33891f66[
  ContentRole[name=readers,inherit=true,allowForAll=false]
  ContentRole[name=authors,inherit=true,allowForAll=false]
  ContentRole[name=administrators,inherit=true,allowForAll=false]
  ContentRole[name=denyReaders,inherit=false,allowForAll=false]
  ContentRole[name=denyAuthors,inherit=false,allowForAll=false]
  ContentRole[name=denyAdministrators,inherit=false,allowForAll=false]
  securityVector=15:SEC_PUBLIC=true,SEC_CREATOR_ADMIN=false,SEC_INH_ADMIN=true,SEC_INH_EDITOR=true,SEC_INH_VIEWER=true,SEC_ALL_ADMIN=false,SEC_ALL_EDITOR=false,SEC_ALL_VIEWER=false
]
2025-03-12 00:27:48.622 DEBUG content 100322 _a-0000eca8-7ed3-8000-babd-01ef9001ef90_826190 Processing reference: ContentRole[name=readers,inherit=true,allowForAll=false]
2025-03-12 00:27:48.622 DEBUG content 100322 _a-0000eca8-7ed3-8000-babd-01ef9001ef90_826190 Processing reference: ContentRole[name=authors,inherit=true,allowForAll=false]
2025-03-12 00:27:48.622 DEBUG content 100322 _a-0000eca8-7ed3-8000-babd-01ef9001ef90_826190 Processing reference: ContentRole[name=administrators,inherit=true,allowForAll=false]
2025-03-12 00:27:48.622 DEBUG content 100322 _a-0000eca8-7ed3-8000-babd-01ef9001ef90_826190 Processing reference: ContentRole[name=denyReaders,inherit=false,allowForAll=false]
2025-03-12 00:27:48.622 DEBUG content 100322 _a-0000eca8-7ed3-8000-babd-01ef9001ef90_826190 Processing reference: ContentRole[name=denyAuthors,inherit=false,allowForAll=false]
2025-03-12 00:27:48.622 DEBUG content 100322 _a-0000eca8-7ed3-8000-babd-01ef9001ef90_826190 Processing reference: ContentRole[name=denyAdministrators,inherit=false,allowForAll=false]
2025-03-12 00:27:48.622 DEBUG content 100322 _a-0000eca8-7ed3-8000-babd-01ef9001ef90_826190 Exporting binary resources.
2025-03-12 00:27:48.622 DEBUG content 100322 _a-0000eca8-7ed3-8000-babd-01ef9001ef90_826190 Serializing object to XML.
2025-03-12 00:27:48.624 DEBUG content 100322 _a-0000eca8-7ed3-8000-babd-01ef9001ef90_826190 Object transported.
2025-03-12 00:27:48.624 DEBUG content 100323 _a-0000eca8-7ed3-8000-babd-01ef9001ef90_826184 Processing reference: FreeformRule.forum
2025-03-12 00:27:48.624 DEBUG content 100323 _a-0000eca8-7ed3-8000-babd-01ef9001ef90_826184 Processing reference: TypedVariable[name=employeeId,it=1,v=<null>]
2025-03-12 00:27:48.624 DEBUG content 100323 _a-0000eca8-7ed3-8000-babd-01ef9001ef90_826184 Processing reference: FreeformRule.parent
2025-03-12 00:27:48.626 DEBUG content 100323 _a-0000eca8-7ed3-8000-babd-01ef9001ef90_826184 Processing reference: com.appiancorp.suiteapi.content.ContentRoleMap@265ef1[
  ContentRole[name=readers,inherit=true,allowForAll=false]
  ContentRole[name=authors,inherit=true,allowForAll=false]
  ContentRole[name=administrators,inherit=true,allowForAll=false]
  ContentRole[name=denyReaders,inherit=false,allowForAll=false]
  ContentRole[name=denyAuthors,inherit=false,allowForAll=false]
  ContentRole[name=denyAdministrators,inherit=false,allowForAll=false]
  securityVector=15:SEC_PUBLIC=true,SEC_CREATOR_ADMIN=false,SEC_INH_ADMIN=true,SEC_INH_EDITOR=true,SEC_INH_VIEWER=true,SEC_ALL_ADMIN=false,SEC_ALL_EDITOR=false,SEC_ALL_VIEWER=false
]
2025-03-12 00:27:48.626 DEBUG content 100323 _a-0000eca8-7ed3-8000-babd-01ef9001ef90_826184 Processing reference: ContentRole[name=readers,inherit=true,allowForAll=false]
2025-03-12 00:27:48.626 DEBUG content 100323 _a-0000eca8-7ed3-8000-babd-01ef9001ef90_826184 Processing reference: ContentRole[name=authors,inherit=true,allowForAll=false]
2025-03-12 00:27:48.626 DEBUG content 100323 _a-0000eca8-7ed3-8000-babd-01ef9001ef90_826184 Processing reference: ContentRole[name=administrators,inherit=true,allowForAll=false]
2025-03-12 00:27:48.626 DEBUG content 100323 _a-0000eca8-7ed3-8000-babd-01ef9001ef90_826184 Processing reference: ContentRole[name=denyReaders,inherit=false,allowForAll=false]
2025-03-12 00:27:48.626 DEBUG content 100323 _a-0000eca8-7ed3-8000-babd-01ef9001ef90_826184 Processing reference: ContentRole[name=denyAuthors,inherit=false,allowForAll=false]
2025-03-12 00:27:48.626 DEBUG content 100323 _a-0000eca8-7ed3-8000-babd-01ef9001ef90_826184 Processing reference: ContentRole[name=denyAdministrators,inherit=false,allowForAll=false]
2025-03-12 00:27:48.626 DEBUG content 100323 _a-0000eca8-7ed3-8000-babd-01ef9001ef90_826184 Exporting binary resources.
2025-03-12 00:27:48.626 DEBUG content 100323 _a-0000eca8-7ed3-8000-babd-01ef9001ef90_826184 Serializing object to XML.
2025-03-12 00:27:48.628 DEBUG content 100323 _a-0000eca8-7ed3-8000-babd-01ef9001ef90_826184 Object transported.
2025-03-12 00:27:48.628 DEBUG content 100324 _a-0000eca8-7ed3-8000-babd-01ef9001ef90_826202 Begin transport.
2025-03-12 00:27:48.628 DEBUG content 100324 _a-0000eca8-7ed3-8000-babd-01ef9001ef90_826202 Retrieving object data.
2025-03-12 00:27:48.637 DEBUG content 100324 _a-0000eca8-7ed3-8000-babd-01ef9001ef90_826202 Setting uuids of object references.
2025-03-12 00:27:48.637 DEBUG content 100324 _a-0000eca8-7ed3-8000-babd-01ef9001ef90_826202 Processing reference: [Content:id=100324,versionId=-1,name=LM_CDT_LOAN_DETAILS,type=32,subtype=0,uuid=_a-0000eca8-7ed3-8000-babd-01ef9001ef90_826202,parent=98940]
2025-03-12 00:27:48.641 DEBUG content 100324 _a-0000eca8-7ed3-8000-babd-01ef9001ef90_826202 Processing reference: Constant.forum
2025-03-12 00:27:48.641 DEBUG content 100324 _a-0000eca8-7ed3-8000-babd-01ef9001ef90_826202 Processing reference: Constant.parent
2025-03-12 00:27:48.643 DEBUG content 100324 _a-0000eca8-7ed3-8000-babd-01ef9001ef90_826202 Processing reference: com.appiancorp.suiteapi.content.ContentRoleMap@71fa5b8f[
  ContentRole[name=readers,inherit=true,allowForAll=false]
  ContentRole[name=authors,inherit=true,allowForAll=false]
  ContentRole[name=administrators,inherit=true,allowForAll=false]
  ContentRole[name=denyReaders,inherit=false,allowForAll=false]
  ContentRole[name=denyAuthors,inherit=false,allowForAll=false]
  ContentRole[name=denyAdministrators,inherit=false,allowForAll=false]
  securityVector=15:SEC_PUBLIC=true,SEC_CREATOR_ADMIN=false,SEC_INH_ADMIN=true,SEC_INH_EDITOR=true,SEC_INH_VIEWER=true,SEC_ALL_ADMIN=false,SEC_ALL_EDITOR=false,SEC_ALL_VIEWER=false
]
2025-03-12 00:27:48.643 DEBUG content 100324 _a-0000eca8-7ed3-8000-babd-01ef9001ef90_826202 Processing reference: ContentRole[name=readers,inherit=true,allowForAll=false]
2025-03-12 00:27:48.643 DEBUG content 100324 _a-0000eca8-7ed3-8000-babd-01ef9001ef90_826202 Processing reference: ContentRole[name=authors,inherit=true,allowForAll=false]
2025-03-12 00:27:48.643 DEBUG content 100324 _a-0000eca8-7ed3-8000-babd-01ef9001ef90_826202 Processing reference: ContentRole[name=administrators,inherit=true,allowForAll=false]
2025-03-12 00:27:48.643 DEBUG content 100324 _a-0000eca8-7ed3-8000-babd-01ef9001ef90_826202 Processing reference: ContentRole[name=denyReaders,inherit=false,allowForAll=false]
2025-03-12 00:27:48.643 DEBUG content 100324 _a-0000eca8-7ed3-8000-babd-01ef9001ef90_826202 Processing reference: ContentRole[name=denyAuthors,inherit=false,allowForAll=false]
2025-03-12 00:27:48.643 DEBUG content 100324 _a-0000eca8-7ed3-8000-babd-01ef9001ef90_826202 Processing reference: ContentRole[name=denyAdministrators,inherit=false,allowForAll=false]
2025-03-12 00:27:48.643 DEBUG content 100324 _a-0000eca8-7ed3-8000-babd-01ef9001ef90_826202 Exporting binary resources.
2025-03-12 00:27:48.643 DEBUG content 100324 _a-0000eca8-7ed3-8000-babd-01ef9001ef90_826202 Serializing object to XML.
2025-03-12 00:27:48.645 DEBUG content 100324 _a-0000eca8-7ed3-8000-babd-01ef9001ef90_826202 Object transported.
2025-03-12 00:27:48.645 DEBUG content 100329 _a-0000eca8-7ed3-8000-babd-01ef9001ef90_826208 Begin transport.
2025-03-12 00:27:48.645 DEBUG content 100329 _a-0000eca8-7ed3-8000-babd-01ef9001ef90_826208 Retrieving object data.
2025-03-12 00:27:48.651 DEBUG content 100329 _a-0000eca8-7ed3-8000-babd-01ef9001ef90_826208 Setting uuids of object references.
2025-03-12 00:27:48.651 DEBUG content 100329 _a-0000eca8-7ed3-8000-babd-01ef9001ef90_826208 Processing reference: [Content:id=100325,versionId=-1,name=LM_QE_getLoanDetailsBasedOnFilters,type=32,subtype=1,uuid=_a-0000eca8-7ed3-8000-babd-01ef9001ef90_826208,parent=98940]
2025-03-12 00:27:48.655 DEBUG content 100329 _a-0000eca8-7ed3-8000-babd-01ef9001ef90_826208 Processing reference: FreeformRule.forum
2025-03-12 00:27:48.655 DEBUG content 100329 _a-0000eca8-7ed3-8000-babd-01ef9001ef90_826208 Processing reference: TypedVariable[name=loanId,it=1,v=<null>]
2025-03-12 00:27:48.655 DEBUG content 100329 _a-0000eca8-7ed3-8000-babd-01ef9001ef90_826208 Processing reference: FreeformRule.parent
2025-03-12 00:27:48.657 DEBUG content 100329 _a-0000eca8-7ed3-8000-babd-01ef9001ef90_826208 Processing reference: com.appiancorp.suiteapi.content.ContentRoleMap@601aa5db[
  ContentRole[name=readers,inherit=true,allowForAll=false]
  ContentRole[name=authors,inherit=true,allowForAll=false]
  ContentRole[name=administrators,inherit=true,allowForAll=false]
  ContentRole[name=denyReaders,inherit=false,allowForAll=false]
  ContentRole[name=denyAuthors,inherit=false,allowForAll=false]
  ContentRole[name=denyAdministrators,inherit=false,allowForAll=false]
  securityVector=15:SEC_PUBLIC=true,SEC_CREATOR_ADMIN=false,SEC_INH_ADMIN=true,SEC_INH_EDITOR=true,SEC_INH_VIEWER=true,SEC_ALL_ADMIN=false,SEC_ALL_EDITOR=false,SEC_ALL_VIEWER=false
]
2025-03-12 00:27:48.657 DEBUG content 100329 _a-0000eca8-7ed3-8000-babd-01ef9001ef90_826208 Processing reference: ContentRole[name=readers,inherit=true,allowForAll=false]
2025-03-12 00:27:48.657 DEBUG content 100329 _a-0000eca8-7ed3-8000-babd-01ef9001ef90_826208 Processing reference: ContentRole[name=authors,inherit=true,allowForAll=false]
2025-03-12 00:27:48.657 DEBUG content 100329 _a-0000eca8-7ed3-8000-babd-01ef9001ef90_826208 Processing reference: ContentRole[name=administrators,inherit=true,allowForAll=false]
2025-03-12 00:27:48.657 DEBUG content 100329 _a-0000eca8-7ed3-8000-babd-01ef9001ef90_826208 Processing reference: ContentRole[name=denyReaders,inherit=false,allowForAll=false]
2025-03-12 00:27:48.657 DEBUG content 100329 _a-0000eca8-7ed3-8000-babd-01ef9001ef90_826208 Processing reference: ContentRole[name=denyAuthors,inherit=false,allowForAll=false]
2025-03-12 00:27:48.657 DEBUG content 100329 _a-0000eca8-7ed3-8000-babd-01ef9001ef90_826208 Processing reference: ContentRole[name=denyAdministrators,inherit=false,allowForAll=false]
2025-03-12 00:27:48.658 DEBUG content 100329 _a-0000eca8-7ed3-8000-babd-01ef9001ef90_826208 Exporting binary resources.
2025-03-12 00:27:48.658 DEBUG content 100329 _a-0000eca8-7ed3-8000-babd-01ef9001ef90_826208 Serializing object to XML.
2025-03-12 00:27:48.659 DEBUG content 100329 _a-0000eca8-7ed3-8000-babd-01ef9001ef90_826208 Object transported.
2025-03-12 00:27:48.659 DEBUG content 102971 _a-0000eca8-7ed3-8000-babd-01ef9001ef90_843642 Begin transport.
2025-03-12 00:27:48.659 DEBUG content 102971 _a-0000eca8-7ed3-8000-babd-01ef9001ef90_843642 Retrieving object data.
2025-03-12 00:27:48.664 DEBUG content 102971 _a-0000eca8-7ed3-8000-babd-01ef9001ef90_843642 Setting uuids of object references.
2025-03-12 00:27:48.664 DEBUG content 102971 _a-0000eca8-7ed3-8000-babd-01ef9001ef90_843642 Processing reference: [Content:id=102964,versionId=-1,name=LM_QE_getDocumentDetailsBasedOnFilters,type=32,subtype=1,uuid=_a-0000eca8-7ed3-8000-babd-01ef9001ef90_843642,parent=98940]
2025-03-12 00:27:48.669 DEBUG content 102971 _a-0000eca8-7ed3-8000-babd-01ef9001ef90_843642 Processing reference: FreeformRule.forum
2025-03-12 00:27:48.669 DEBUG content 102971 _a-0000eca8-7ed3-8000-babd-01ef9001ef90_843642 Processing reference: TypedVariable[name=loanId,it=1,v=<null>]
2025-03-12 00:27:48.669 DEBUG content 102971 _a-0000eca8-7ed3-8000-babd-01ef9001ef90_843642 Processing reference: FreeformRule.parent
2025-03-12 00:27:48.671 DEBUG content 102971 _a-0000eca8-7ed3-8000-babd-01ef9001ef90_843642 Processing reference: com.appiancorp.suiteapi.content.ContentRoleMap@17c80b92[
  ContentRole[name=readers,inherit=true,allowForAll=false]
  ContentRole[name=authors,inherit=true,allowForAll=false]
  ContentRole[name=administrators,inherit=true,allowForAll=false]
  ContentRole[name=denyReaders,inherit=false,allowForAll=false]
  ContentRole[name=denyAuthors,inherit=false,allowForAll=false]
  ContentRole[name=denyAdministrators,inherit=false,allowForAll=false]
  securityVector=15:SEC_PUBLIC=true,SEC_CREATOR_ADMIN=false,SEC_INH_ADMIN=true,SEC_INH_EDITOR=true,SEC_INH_VIEWER=true,SEC_ALL_ADMIN=false,SEC_ALL_EDITOR=false,SEC_ALL_VIEWER=false
]
2025-03-12 00:27:48.671 DEBUG content 102971 _a-0000eca8-7ed3-8000-babd-01ef9001ef90_843642 Processing reference: ContentRole[name=readers,inherit=true,allowForAll=false]
2025-03-12 00:27:48.671 DEBUG content 102971 _a-0000eca8-7ed3-8000-babd-01ef9001ef90_843642 Processing reference: ContentRole[name=authors,inherit=true,allowForAll=false]
2025-03-12 00:27:48.671 DEBUG content 102971 _a-0000eca8-7ed3-8000-babd-01ef9001ef90_843642 Processing reference: ContentRole[name=administrators,inherit=true,allowForAll=false]
2025-03-12 00:27:48.671 DEBUG content 102971 _a-0000eca8-7ed3-8000-babd-01ef9001ef90_843642 Processing reference: ContentRole[name=denyReaders,inherit=false,allowForAll=false]
2025-03-12 00:27:48.671 DEBUG content 102971 _a-0000eca8-7ed3-8000-babd-01ef9001ef90_843642 Processing reference: ContentRole[name=denyAuthors,inherit=false,allowForAll=false]
2025-03-12 00:27:48.671 DEBUG content 102971 _a-0000eca8-7ed3-8000-babd-01ef9001ef90_843642 Processing reference: ContentRole[name=denyAdministrators,inherit=false,allowForAll=false]
2025-03-12 00:27:48.671 DEBUG content 102971 _a-0000eca8-7ed3-8000-babd-01ef9001ef90_843642 Exporting binary resources.
2025-03-12 00:27:48.671 DEBUG content 102971 _a-0000eca8-7ed3-8000-babd-01ef9001ef90_843642 Serializing object to XML.
2025-03-12 00:27:48.673 DEBUG content 102971 _a-0000eca8-7ed3-8000-babd-01ef9001ef90_843642 Object transported.
2025-03-12 00:27:48.673 DEBUG content 102968 _a-0000eca8-7ed3-8000-babd-01ef9001ef90_843648 Begin transport.
2025-03-12 00:27:48.673 DEBUG content 102968 _a-0000eca8-7ed3-8000-babd-01ef9001ef90_843648 Retrieving object data.
2025-03-12 00:27:48.679 DEBUG content 102968 _a-0000eca8-7ed3-8000-babd-01ef9001ef90_843648 Setting uuids of object references.
2025-03-12 00:27:48.679 DEBUG content 102968 _a-0000eca8-7ed3-8000-babd-01ef9001ef90_843648 Processing reference: [Content:id=102965,versionId=-1,name=LM_CDT_DOCUMENT_DETAILS,type=32,subtype=0,uuid=_a-0000eca8-7ed3-8000-babd-01ef9001ef90_843648,parent=98940]
2025-03-12 00:27:48.683 DEBUG content 102968 _a-0000eca8-7ed3-8000-babd-01ef9001ef90_843648 Processing reference: Constant.forum
2025-03-12 00:27:48.683 DEBUG content 102968 _a-0000eca8-7ed3-8000-babd-01ef9001ef90_843648 Processing reference: Constant.parent
2025-03-12 00:27:48.685 DEBUG content 102968 _a-0000eca8-7ed3-8000-babd-01ef9001ef90_843648 Processing reference: com.appiancorp.suiteapi.content.ContentRoleMap@740fb38d[
  ContentRole[name=readers,inherit=true,allowForAll=false]
  ContentRole[name=authors,inherit=true,allowForAll=false]
  ContentRole[name=administrators,inherit=true,allowForAll=false]
  ContentRole[name=denyReaders,inherit=false,allowForAll=false]
  ContentRole[name=denyAuthors,inherit=false,allowForAll=false]
  ContentRole[name=denyAdministrators,inherit=false,allowForAll=false]
  securityVector=15:SEC_PUBLIC=true,SEC_CREATOR_ADMIN=false,SEC_INH_ADMIN=true,SEC_INH_EDITOR=true,SEC_INH_VIEWER=true,SEC_ALL_ADMIN=false,SEC_ALL_EDITOR=false,SEC_ALL_VIEWER=false
]
2025-03-12 00:27:48.685 DEBUG content 102968 _a-0000eca8-7ed3-8000-babd-01ef9001ef90_843648 Processing reference: ContentRole[name=readers,inherit=true,allowForAll=false]
2025-03-12 00:27:48.685 DEBUG content 102968 _a-0000eca8-7ed3-8000-babd-01ef9001ef90_843648 Processing reference: ContentRole[name=authors,inherit=true,allowForAll=false]
2025-03-12 00:27:48.685 DEBUG content 102968 _a-0000eca8-7ed3-8000-babd-01ef9001ef90_843648 Processing reference: ContentRole[name=administrators,inherit=true,allowForAll=false]
2025-03-12 00:27:48.685 DEBUG content 102968 _a-0000eca8-7ed3-8000-babd-01ef9001ef90_843648 Processing reference: ContentRole[name=denyReaders,inherit=false,allowForAll=false]
2025-03-12 00:27:48.685 DEBUG content 102968 _a-0000eca8-7ed3-8000-babd-01ef9001ef90_843648 Processing reference: ContentRole[name=denyAuthors,inherit=false,allowForAll=false]
2025-03-12 00:27:48.685 DEBUG content 102968 _a-0000eca8-7ed3-8000-babd-01ef9001ef90_843648 Processing reference: ContentRole[name=denyAdministrators,inherit=false,allowForAll=false]
2025-03-12 00:27:48.685 DEBUG content 102968 _a-0000eca8-7ed3-8000-babd-01ef9001ef90_843648 Exporting binary resources.
2025-03-12 00:27:48.685 DEBUG content 102968 _a-0000eca8-7ed3-8000-babd-01ef9001ef90_843648 Serializing object to XML.
2025-03-12 00:27:48.687 DEBUG content 102968 _a-0000eca8-7ed3-8000-babd-01ef9001ef90_843648 Object transported.
2025-03-12 00:27:48.687 DEBUG content 104470 _a-0000eca8-7ed3-8000-babd-01ef9001ef90_853551 Begin transport.
2025-03-12 00:27:48.687 DEBUG content 104470 _a-0000eca8-7ed3-8000-babd-01ef9001ef90_853551 Retrieving object data.
2025-03-12 00:27:48.692 DEBUG content 104470 _a-0000eca8-7ed3-8000-babd-01ef9001ef90_853551 Setting uuids of object references.
2025-03-12 00:27:48.692 DEBUG content 104470 _a-0000eca8-7ed3-8000-babd-01ef9001ef90_853551 Processing reference: [Content:id=104470,versionId=-1,name=LM_CDT_REQUEST_HISTORY_DETAILS,type=32,subtype=0,uuid=_a-0000eca8-7ed3-8000-babd-01ef9001ef90_853551,parent=98940]
2025-03-12 00:27:48.696 DEBUG content 104470 _a-0000eca8-7ed3-8000-babd-01ef9001ef90_853551 Processing reference: Constant.forum
2025-03-12 00:27:48.696 DEBUG content 104470 _a-0000eca8-7ed3-8000-babd-01ef9001ef90_853551 Processing reference: Constant.parent
2025-03-12 00:27:48.698 DEBUG content 104470 _a-0000eca8-7ed3-8000-babd-01ef9001ef90_853551 Processing reference: com.appiancorp.suiteapi.content.ContentRoleMap@68181919[
  ContentRole[name=readers,inherit=true,allowForAll=false]
  ContentRole[name=authors,inherit=true,allowForAll=false]
  ContentRole[name=administrators,inherit=true,allowForAll=false]
  ContentRole[name=denyReaders,inherit=false,allowForAll=false]
  ContentRole[name=denyAuthors,inherit=false,allowForAll=false]
  ContentRole[name=denyAdministrators,inherit=false,allowForAll=false]
  securityVector=15:SEC_PUBLIC=true,SEC_CREATOR_ADMIN=false,SEC_INH_ADMIN=true,SEC_INH_EDITOR=true,SEC_INH_VIEWER=true,SEC_ALL_ADMIN=false,SEC_ALL_EDITOR=false,SEC_ALL_VIEWER=false
]
2025-03-12 00:27:48.698 DEBUG content 104470 _a-0000eca8-7ed3-8000-babd-01ef9001ef90_853551 Processing reference: ContentRole[name=readers,inherit=true,allowForAll=false]
2025-03-12 00:27:48.698 DEBUG content 104470 _a-0000eca8-7ed3-8000-babd-01ef9001ef90_853551 Processing reference: ContentRole[name=authors,inherit=true,allowForAll=false]
2025-03-12 00:27:48.698 DEBUG content 104470 _a-0000eca8-7ed3-8000-babd-01ef9001ef90_853551 Processing reference: ContentRole[name=administrators,inherit=true,allowForAll=false]
2025-03-12 00:27:48.698 DEBUG content 104470 _a-0000eca8-7ed3-8000-babd-01ef9001ef90_853551 Processing reference: ContentRole[name=denyReaders,inherit=false,allowForAll=false]
2025-03-12 00:27:48.698 DEBUG content 104470 _a-0000eca8-7ed3-8000-babd-01ef9001ef90_853551 Processing reference: ContentRole[name=denyAuthors,inherit=false,allowForAll=false]
2025-03-12 00:27:48.698 DEBUG content 104470 _a-0000eca8-7ed3-8000-babd-01ef9001ef90_853551 Processing reference: ContentRole[name=denyAdministrators,inherit=false,allowForAll=false]
2025-03-12 00:27:48.698 DEBUG content 104470 _a-0000eca8-7ed3-8000-babd-01ef9001ef90_853551 Exporting binary resources.
2025-03-12 00:27:48.698 DEBUG content 104470 _a-0000eca8-7ed3-8000-babd-01ef9001ef90_853551 Serializing object to XML.
2025-03-12 00:27:48.699 DEBUG content 104470 _a-0000eca8-7ed3-8000-babd-01ef9001ef90_853551 Object transported.
2025-03-12 00:27:48.699 DEBUG content 104474 _a-0000eca8-7ed3-8000-babd-01ef9001ef90_853593 Begin transport.
2025-03-12 00:27:48.699 DEBUG content 104474 _a-0000eca8-7ed3-8000-babd-01ef9001ef90_853593 Retrieving object data.
2025-03-12 00:27:48.704 DEBUG content 104474 _a-0000eca8-7ed3-8000-babd-01ef9001ef90_853593 Setting uuids of object references.
2025-03-12 00:27:48.704 DEBUG content 104474 _a-0000eca8-7ed3-8000-babd-01ef9001ef90_853593 Processing reference: [Content:id=104474,versionId=-1,name=LM_GRP_ADMINISTRATORS,type=32,subtype=0,uuid=_a-0000eca8-7ed3-8000-babd-01ef9001ef90_853593,parent=98940]
2025-03-12 00:27:48.706 DEBUG content 104474 _a-0000eca8-7ed3-8000-babd-01ef9001ef90_853593 Processing reference: Constant.forum
2025-03-12 00:27:48.706 DEBUG content 104474 _a-0000eca8-7ed3-8000-babd-01ef9001ef90_853593 Processing reference: Constant.parent
2025-03-12 00:27:48.708 DEBUG content 104474 _a-0000eca8-7ed3-8000-babd-01ef9001ef90_853593 Processing reference: com.appiancorp.suiteapi.content.ContentRoleMap@7101bf1f[
  ContentRole[name=readers,inherit=true,allowForAll=false]
  ContentRole[name=authors,inherit=true,allowForAll=false]
  ContentRole[name=administrators,inherit=true,allowForAll=false]
  ContentRole[name=denyReaders,inherit=false,allowForAll=false]
  ContentRole[name=denyAuthors,inherit=false,allowForAll=false]
  ContentRole[name=denyAdministrators,inherit=false,allowForAll=false]
  securityVector=15:SEC_PUBLIC=true,SEC_CREATOR_ADMIN=false,SEC_INH_ADMIN=true,SEC_INH_EDITOR=true,SEC_INH_VIEWER=true,SEC_ALL_ADMIN=false,SEC_ALL_EDITOR=false,SEC_ALL_VIEWER=false
]
2025-03-12 00:27:48.708 DEBUG content 104474 _a-0000eca8-7ed3-8000-babd-01ef9001ef90_853593 Processing reference: ContentRole[name=readers,inherit=true,allowForAll=false]
2025-03-12 00:27:48.708 DEBUG content 104474 _a-0000eca8-7ed3-8000-babd-01ef9001ef90_853593 Processing reference: ContentRole[name=authors,inherit=true,allowForAll=false]
2025-03-12 00:27:48.708 DEBUG content 104474 _a-0000eca8-7ed3-8000-babd-01ef9001ef90_853593 Processing reference: ContentRole[name=administrators,inherit=true,allowForAll=false]
2025-03-12 00:27:48.708 DEBUG content 104474 _a-0000eca8-7ed3-8000-babd-01ef9001ef90_853593 Processing reference: ContentRole[name=denyReaders,inherit=false,allowForAll=false]
2025-03-12 00:27:48.708 DEBUG content 104474 _a-0000eca8-7ed3-8000-babd-01ef9001ef90_853593 Processing reference: ContentRole[name=denyAuthors,inherit=false,allowForAll=false]
2025-03-12 00:27:48.708 DEBUG content 104474 _a-0000eca8-7ed3-8000-babd-01ef9001ef90_853593 Processing reference: ContentRole[name=denyAdministrators,inherit=false,allowForAll=false]
2025-03-12 00:27:48.708 DEBUG content 104474 _a-0000eca8-7ed3-8000-babd-01ef9001ef90_853593 Exporting binary resources.
2025-03-12 00:27:48.708 DEBUG content 104474 _a-0000eca8-7ed3-8000-babd-01ef9001ef90_853593 Serializing object to XML.
2025-03-12 00:27:48.71 DEBUG content 104474 _a-0000eca8-7ed3-8000-babd-01ef9001ef90_853593 Object transported.
2025-03-12 00:27:48.71 DEBUG content 111642 _a-0000eca8-7ed3-8000-babd-01ef9001ef90_900850 Begin transport.
2025-03-12 00:27:48.71 DEBUG content 111642 _a-0000eca8-7ed3-8000-babd-01ef9001ef90_900850 Retrieving object data.
2025-03-12 00:27:48.715 DEBUG content 111642 _a-0000eca8-7ed3-8000-babd-01ef9001ef90_900850 Setting uuids of object references.
2025-03-12 00:27:48.715 DEBUG content 111642 _a-0000eca8-7ed3-8000-babd-01ef9001ef90_900850 Processing reference: Document.forum
2025-03-12 00:27:48.715 DEBUG content 111642 _a-0000eca8-7ed3-8000-babd-01ef9001ef90_900850 Processing reference: Document.parent
2025-03-12 00:27:48.717 DEBUG content 111642 _a-0000eca8-7ed3-8000-babd-01ef9001ef90_900850 Processing reference: com.appiancorp.suiteapi.content.ContentRoleMap@c4e7c2f[
  ContentRole[name=readers,inherit=true,allowForAll=false]
  ContentRole[name=authors,inherit=true,allowForAll=false]
  ContentRole[name=administrators,inherit=true,allowForAll=false]
  ContentRole[name=denyReaders,inherit=false,allowForAll=false]
  ContentRole[name=denyAuthors,inherit=false,allowForAll=false]
  ContentRole[name=denyAdministrators,inherit=false,allowForAll=false]
  securityVector=15:SEC_PUBLIC=true,SEC_CREATOR_ADMIN=false,SEC_INH_ADMIN=true,SEC_INH_EDITOR=true,SEC_INH_VIEWER=true,SEC_ALL_ADMIN=false,SEC_ALL_EDITOR=false,SEC_ALL_VIEWER=false
]
2025-03-12 00:27:48.717 DEBUG content 111642 _a-0000eca8-7ed3-8000-babd-01ef9001ef90_900850 Processing reference: ContentRole[name=readers,inherit=true,allowForAll=false]
2025-03-12 00:27:48.717 DEBUG content 111642 _a-0000eca8-7ed3-8000-babd-01ef9001ef90_900850 Processing reference: ContentRole[name=authors,inherit=true,allowForAll=false]
2025-03-12 00:27:48.717 DEBUG content 111642 _a-0000eca8-7ed3-8000-babd-01ef9001ef90_900850 Processing reference: ContentRole[name=administrators,inherit=true,allowForAll=false]
2025-03-12 00:27:48.717 DEBUG content 111642 _a-0000eca8-7ed3-8000-babd-01ef9001ef90_900850 Processing reference: ContentRole[name=denyReaders,inherit=false,allowForAll=false]
2025-03-12 00:27:48.717 DEBUG content 111642 _a-0000eca8-7ed3-8000-babd-01ef9001ef90_900850 Processing reference: ContentRole[name=denyAuthors,inherit=false,allowForAll=false]
2025-03-12 00:27:48.717 DEBUG content 111642 _a-0000eca8-7ed3-8000-babd-01ef9001ef90_900850 Processing reference: ContentRole[name=denyAdministrators,inherit=false,allowForAll=false]
2025-03-12 00:27:48.717 DEBUG content 111642 _a-0000eca8-7ed3-8000-babd-01ef9001ef90_900850 Exporting binary resources.
2025-03-12 00:27:48.721 DEBUG content 111642 _a-0000eca8-7ed3-8000-babd-01ef9001ef90_900850 Serializing object to XML.
2025-03-12 00:27:48.722 DEBUG content 111642 _a-0000eca8-7ed3-8000-babd-01ef9001ef90_900850 Object transported.
2025-03-12 00:27:48.722 DEBUG content 111643 _a-0000eca8-7ed3-8000-babd-01ef9001ef90_900856 Begin transport.
2025-03-12 00:27:48.722 DEBUG content 111643 _a-0000eca8-7ed3-8000-babd-01ef9001ef90_900856 Retrieving object data.
2025-03-12 00:27:48.726 DEBUG content 111643 _a-0000eca8-7ed3-8000-babd-01ef9001ef90_900856 Setting uuids of object references.
2025-03-12 00:27:48.727 DEBUG content 111643 _a-0000eca8-7ed3-8000-babd-01ef9001ef90_900856 Processing reference: [Content:id=111643,versionId=-1,name=LM_CAPTURE,type=32,subtype=0,uuid=_a-0000eca8-7ed3-8000-babd-01ef9001ef90_900856,parent=98940]
2025-03-12 00:27:48.728 DEBUG content 111643 _a-0000eca8-7ed3-8000-babd-01ef9001ef90_900856 Processing reference: Constant.forum
2025-03-12 00:27:48.728 DEBUG content 111643 _a-0000eca8-7ed3-8000-babd-01ef9001ef90_900856 Processing reference: Constant.parent
2025-03-12 00:27:48.73 DEBUG content 111643 _a-0000eca8-7ed3-8000-babd-01ef9001ef90_900856 Processing reference: com.appiancorp.suiteapi.content.ContentRoleMap@7056daf3[
  ContentRole[name=readers,inherit=true,allowForAll=false]
  ContentRole[name=authors,inherit=true,allowForAll=false]
  ContentRole[name=administrators,inherit=true,allowForAll=false]
  ContentRole[name=denyReaders,inherit=false,allowForAll=false]
  ContentRole[name=denyAuthors,inherit=false,allowForAll=false]
  ContentRole[name=denyAdministrators,inherit=false,allowForAll=false]
  securityVector=15:SEC_PUBLIC=true,SEC_CREATOR_ADMIN=false,SEC_INH_ADMIN=true,SEC_INH_EDITOR=true,SEC_INH_VIEWER=true,SEC_ALL_ADMIN=false,SEC_ALL_EDITOR=false,SEC_ALL_VIEWER=false
]
2025-03-12 00:27:48.73 DEBUG content 111643 _a-0000eca8-7ed3-8000-babd-01ef9001ef90_900856 Processing reference: ContentRole[name=readers,inherit=true,allowForAll=false]
2025-03-12 00:27:48.73 DEBUG content 111643 _a-0000eca8-7ed3-8000-babd-01ef9001ef90_900856 Processing reference: ContentRole[name=authors,inherit=true,allowForAll=false]
2025-03-12 00:27:48.73 DEBUG content 111643 _a-0000eca8-7ed3-8000-babd-01ef9001ef90_900856 Processing reference: ContentRole[name=administrators,inherit=true,allowForAll=false]
2025-03-12 00:27:48.73 DEBUG content 111643 _a-0000eca8-7ed3-8000-babd-01ef9001ef90_900856 Processing reference: ContentRole[name=denyReaders,inherit=false,allowForAll=false]
2025-03-12 00:27:48.73 DEBUG content 111643 _a-0000eca8-7ed3-8000-babd-01ef9001ef90_900856 Processing reference: ContentRole[name=denyAuthors,inherit=false,allowForAll=false]
2025-03-12 00:27:48.73 DEBUG content 111643 _a-0000eca8-7ed3-8000-babd-01ef9001ef90_900856 Processing reference: ContentRole[name=denyAdministrators,inherit=false,allowForAll=false]
2025-03-12 00:27:48.73 DEBUG content 111643 _a-0000eca8-7ed3-8000-babd-01ef9001ef90_900856 Exporting binary resources.
2025-03-12 00:27:48.73 DEBUG content 111643 _a-0000eca8-7ed3-8000-babd-01ef9001ef90_900856 Serializing object to XML.
2025-03-12 00:27:48.732 DEBUG content 111643 _a-0000eca8-7ed3-8000-babd-01ef9001ef90_900856 Object transported.
2025-03-12 00:27:48.742 DEBUG processModelFolder 492 26a0a9a2-321f-4a6d-a68c-19ee2bf6e1e4 Begin transport.
2025-03-12 00:27:48.742 DEBUG processModelFolder 492 26a0a9a2-321f-4a6d-a68c-19ee2bf6e1e4 Retrieving object data.
2025-03-12 00:27:48.744 DEBUG processModelFolder 492 26a0a9a2-321f-4a6d-a68c-19ee2bf6e1e4 Setting uuids of object references.
2025-03-12 00:27:48.745 DEBUG processModelFolder 492 26a0a9a2-321f-4a6d-a68c-19ee2bf6e1e4 Processing reference: ProcessModelFolder.parentFolderId
2025-03-12 00:27:48.746 DEBUG processModelFolder 492 26a0a9a2-321f-4a6d-a68c-19ee2bf6e1e4 Processing reference: com.appiancorp.suiteapi.process.ProcessRoleMap@767d01fc[
  Role[name=ADMIN_OWNER,groupIds=[1566]]
  Role[name=EDITOR]
  Role[name=EXPLICIT_NONMEMBER]
  Role[name=VIEWER,groupIds=[1567]]
  Role[name=MANAGER]
  Role[name=INITIATOR]
]
2025-03-12 00:27:48.746 DEBUG processModelFolder 492 26a0a9a2-321f-4a6d-a68c-19ee2bf6e1e4 Processing reference: Role[name=ADMIN_OWNER,groupIds=[1566]]
2025-03-12 00:27:48.747 DEBUG processModelFolder 492 26a0a9a2-321f-4a6d-a68c-19ee2bf6e1e4 Processing reference: Role[name=EDITOR]
2025-03-12 00:27:48.747 DEBUG processModelFolder 492 26a0a9a2-321f-4a6d-a68c-19ee2bf6e1e4 Processing reference: Role[name=EXPLICIT_NONMEMBER]
2025-03-12 00:27:48.747 DEBUG processModelFolder 492 26a0a9a2-321f-4a6d-a68c-19ee2bf6e1e4 Processing reference: Role[name=VIEWER,groupIds=[1567]]
2025-03-12 00:27:48.748 DEBUG processModelFolder 492 26a0a9a2-321f-4a6d-a68c-19ee2bf6e1e4 Processing reference: Role[name=MANAGER]
2025-03-12 00:27:48.748 DEBUG processModelFolder 492 26a0a9a2-321f-4a6d-a68c-19ee2bf6e1e4 Processing reference: Role[name=INITIATOR]
2025-03-12 00:27:48.748 DEBUG processModelFolder 492 26a0a9a2-321f-4a6d-a68c-19ee2bf6e1e4 Exporting binary resources.
2025-03-12 00:27:48.748 DEBUG processModelFolder 492 26a0a9a2-321f-4a6d-a68c-19ee2bf6e1e4 Serializing object to XML.
2025-03-12 00:27:48.748 DEBUG processModelFolder 492 26a0a9a2-321f-4a6d-a68c-19ee2bf6e1e4 Object transported.
2025-03-12 00:27:48.753 DEBUG processModel 7018 0002ece4-11ce-8000-f531-014d98014d98 Begin transport.
2025-03-12 00:27:48.754 DEBUG processModel 7018 0002ece4-11ce-8000-f531-014d98014d98 Retrieving object data.
2025-03-12 00:27:48.923 DEBUG processModel 7018 0002ece4-11ce-8000-f531-014d98014d98 Setting uuids of object references.
2025-03-12 00:27:48.923 DEBUG processModel 7018 0002ece4-11ce-8000-f531-014d98014d98 Processing reference: ProcessModelHaul.folderId
2025-03-12 00:27:48.924 DEBUG processModel 7018 0002ece4-11ce-8000-f531-014d98014d98 Processing reference: ProcessModelHaul.modelDashboardPageId
2025-03-12 00:27:48.924 DEBUG processModel 7018 0002ece4-11ce-8000-f531-014d98014d98 Processing reference: ProcessModelHaul.processDashboardPageId
2025-03-12 00:27:48.924 DEBUG processModel 7018 0002ece4-11ce-8000-f531-014d98014d98 Processing reference: ProcessModel.emailAttachmentFolderId
2025-03-12 00:27:48.924 DEBUG processModel 7018 0002ece4-11ce-8000-f531-014d98014d98 Processing reference: InternalForm.docId
2025-03-12 00:27:48.925 DEBUG processModel 7018 0002ece4-11ce-8000-f531-014d98014d98 Processing reference: InternalForm.docId
2025-03-12 00:27:48.925 DEBUG processModel 7018 0002ece4-11ce-8000-f531-014d98014d98 Processing reference: InternalForm.docId
2025-03-12 00:27:48.925 DEBUG processModel 7018 0002ece4-11ce-8000-f531-014d98014d98 Processing reference: InternalForm.docId
2025-03-12 00:27:48.925 DEBUG processModel 7018 0002ece4-11ce-8000-f531-014d98014d98 Processing reference: InternalForm.docId
2025-03-12 00:27:48.925 DEBUG processModel 7018 0002ece4-11ce-8000-f531-014d98014d98 Processing reference: ActivityClass.localId
2025-03-12 00:27:48.925 DEBUG processModel 7018 0002ece4-11ce-8000-f531-014d98014d98 Processing reference: ActivityClass.localId
2025-03-12 00:27:48.925 DEBUG processModel 7018 0002ece4-11ce-8000-f531-014d98014d98 Processing reference: ActivityClassParameter[name=pmID,it=23,v=<null>]
2025-03-12 00:27:48.925 DEBUG processModel 7018 0002ece4-11ce-8000-f531-014d98014d98 Processing reference: ActivityClassParameter[name=inMap,it=111,v={}]
2025-03-12 00:27:48.925 DEBUG processModel 7018 0002ece4-11ce-8000-f531-014d98014d98 Processing reference: ActivityClassParameter[name=procInheritsPriority,it=1,v=1]
2025-03-12 00:27:48.925 DEBUG processModel 7018 0002ece4-11ce-8000-f531-014d98014d98 Processing reference: ActivityClassParameter[name=pmUUID,it=3,v=]
2025-03-12 00:27:48.925 DEBUG processModel 7018 0002ece4-11ce-8000-f531-014d98014d98 Processing reference: ActivityClassParameter[name=isAsynchronous,it=26,v=1]
2025-03-12 00:27:48.925 DEBUG processModel 7018 0002ece4-11ce-8000-f531-014d98014d98 Processing reference: ActivityClassParameter[name=isTransparent,it=26,v=1]
2025-03-12 00:27:48.925 DEBUG processModel 7018 0002ece4-11ce-8000-f531-014d98014d98 Processing reference: ActivityClassParameter[name=inheritSecurity,it=26,v=0]
2025-03-12 00:27:48.925 DEBUG processModel 7018 0002ece4-11ce-8000-f531-014d98014d98 Processing reference: ActivityClassParameter[name=requestHistory,it=10050,v=<null>]
2025-03-12 00:27:48.925 DEBUG processModel 7018 0002ece4-11ce-8000-f531-014d98014d98 Processing reference: FormElement[label=Question1]
2025-03-12 00:27:48.925 DEBUG processModel 7018 0002ece4-11ce-8000-f531-014d98014d98 Processing reference: InternalForm.docId
2025-03-12 00:27:48.925 DEBUG processModel 7018 0002ece4-11ce-8000-f531-014d98014d98 Processing reference: FormElement[label=Question1]
2025-03-12 00:27:48.925 DEBUG processModel 7018 0002ece4-11ce-8000-f531-014d98014d98 Processing reference: InternalForm.docId
2025-03-12 00:27:48.925 DEBUG processModel 7018 0002ece4-11ce-8000-f531-014d98014d98 Processing reference: FormElement[label=Question1]
2025-03-12 00:27:48.925 DEBUG processModel 7018 0002ece4-11ce-8000-f531-014d98014d98 Processing reference: InternalForm.docId
2025-03-12 00:27:48.925 DEBUG processModel 7018 0002ece4-11ce-8000-f531-014d98014d98 Processing reference: FormElement[label=Question1]
2025-03-12 00:27:48.925 DEBUG processModel 7018 0002ece4-11ce-8000-f531-014d98014d98 Processing reference: InternalForm.docId
2025-03-12 00:27:48.926 DEBUG processModel 7018 0002ece4-11ce-8000-f531-014d98014d98 Processing reference: FormElement[label=Question1]
2025-03-12 00:27:48.926 DEBUG processModel 7018 0002ece4-11ce-8000-f531-014d98014d98 Processing reference: InternalForm.docId
2025-03-12 00:27:48.926 DEBUG processModel 7018 0002ece4-11ce-8000-f531-014d98014d98 Processing reference: ActivityClass.localId
2025-03-12 00:27:48.926 DEBUG processModel 7018 0002ece4-11ce-8000-f531-014d98014d98 Processing reference: ActivityClassParameter[name=DataStoreEntity,it=81,v=]
2025-03-12 00:27:48.926 DEBUG processModel 7018 0002ece4-11ce-8000-f531-014d98014d98 Processing reference: ActivityClassParameter[name=StoredValues,it=197,v=<null>]
2025-03-12 00:27:48.926 DEBUG processModel 7018 0002ece4-11ce-8000-f531-014d98014d98 Processing reference: ProcessVariable[name=buttonAction,it=3,v=]
2025-03-12 00:27:48.926 DEBUG processModel 7018 0002ece4-11ce-8000-f531-014d98014d98 Processing reference: ProcessVariable[name=comments,it=3,v=]
2025-03-12 00:27:48.926 DEBUG processModel 7018 0002ece4-11ce-8000-f531-014d98014d98 Processing reference: ProcessVariable[name=documentDetails,it=10293,v=<null>]
2025-03-12 00:27:48.926 DEBUG processModel 7018 0002ece4-11ce-8000-f531-014d98014d98 Processing reference: ProcessVariable[name=employeeDetails,it=9996,v=<null>]
2025-03-12 00:27:48.926 DEBUG processModel 7018 0002ece4-11ce-8000-f531-014d98014d98 Processing reference: ProcessVariable[name=loanDetails,it=10304,v=<null>]
2025-03-12 00:27:48.926 DEBUG processModel 7018 0002ece4-11ce-8000-f531-014d98014d98 Processing reference: ProcessVariable[name=loanId,it=1,v=0]
2025-03-12 00:27:48.926 DEBUG processModel 7018 0002ece4-11ce-8000-f531-014d98014d98 Processing reference: ProcessVariable[name=requestHistory,it=10050,v=<null>]
2025-03-12 00:27:48.926 DEBUG processModel 7018 0002ece4-11ce-8000-f531-014d98014d98 Processing reference: com.appiancorp.suiteapi.process.ProcessRoleMap@1a1b0e05[
  Role[name=ADMIN_OWNER,groupIds=[1566]]
  Role[name=EDITOR]
  Role[name=EXPLICIT_NONMEMBER]
  Role[name=VIEWER,groupIds=[1567]]
  Role[name=MANAGER]
  Role[name=INITIATOR]
]
2025-03-12 00:27:48.926 DEBUG processModel 7018 0002ece4-11ce-8000-f531-014d98014d98 Processing reference: Role[name=ADMIN_OWNER,groupIds=[1566]]
2025-03-12 00:27:48.928 DEBUG processModel 7018 0002ece4-11ce-8000-f531-014d98014d98 Processing reference: Role[name=EDITOR]
2025-03-12 00:27:48.928 DEBUG processModel 7018 0002ece4-11ce-8000-f531-014d98014d98 Processing reference: Role[name=EXPLICIT_NONMEMBER]
2025-03-12 00:27:48.928 DEBUG processModel 7018 0002ece4-11ce-8000-f531-014d98014d98 Processing reference: Role[name=VIEWER,groupIds=[1567]]
2025-03-12 00:27:48.929 DEBUG processModel 7018 0002ece4-11ce-8000-f531-014d98014d98 Processing reference: Role[name=MANAGER]
2025-03-12 00:27:48.929 DEBUG processModel 7018 0002ece4-11ce-8000-f531-014d98014d98 Processing reference: Role[name=INITIATOR]
2025-03-12 00:27:48.937 DEBUG processModel 7018 0002ece4-11ce-8000-f531-014d98014d98 Exporting binary resources.
2025-03-12 00:27:48.937 DEBUG processModel 7018 0002ece4-11ce-8000-f531-014d98014d98 Serializing object to XML.
2025-03-12 00:27:48.943 DEBUG processModel 7018 0002ece4-11ce-8000-f531-014d98014d98 Object transported.
2025-03-12 00:27:48.964 DEBUG recordType 876 7d7cc64a-06ef-4fd9-895b-b20bea5bb002 Begin transport.
2025-03-12 00:27:48.964 DEBUG recordType 876 7d7cc64a-06ef-4fd9-895b-b20bea5bb002 Retrieving object data.
2025-03-12 00:27:48.989 DEBUG recordType 876 7d7cc64a-06ef-4fd9-895b-b20bea5bb002 Setting uuids of object references.
2025-03-12 00:27:48.991 DEBUG recordType 876 7d7cc64a-06ef-4fd9-895b-b20bea5bb002 Processing reference: RecordTypeDefinition.dataSrcExpr
2025-03-12 00:27:48.992 DEBUG recordType 876 7d7cc64a-06ef-4fd9-895b-b20bea5bb002 Processing reference: RecordTypeDefinition.defaultFilters
2025-03-12 00:27:48.992 DEBUG recordType 876 7d7cc64a-06ef-4fd9-895b-b20bea5bb002 Processing reference: RecordTypeDefinition.defaultFiltersExpr
2025-03-12 00:27:48.992 DEBUG recordType 876 7d7cc64a-06ef-4fd9-895b-b20bea5bb002 Processing reference: RecordTypeDefinition.defaultSortInfoAsQueryInfos
2025-03-12 00:27:48.993 DEBUG recordType 876 7d7cc64a-06ef-4fd9-895b-b20bea5bb002 Processing reference: DetailViewCfg.headerExpr
2025-03-12 00:27:48.993 DEBUG recordType 876 7d7cc64a-06ef-4fd9-895b-b20bea5bb002 Processing reference: DetailViewCfg.nameExpr
2025-03-12 00:27:48.994 DEBUG recordType 876 7d7cc64a-06ef-4fd9-895b-b20bea5bb002 Processing reference: DetailViewCfg.uiExpr
2025-03-12 00:27:48.994 DEBUG recordType 876 7d7cc64a-06ef-4fd9-895b-b20bea5bb002 Processing reference: DetailViewCfg.visibilityExpr
2025-03-12 00:27:48.995 DEBUG recordType 876 7d7cc64a-06ef-4fd9-895b-b20bea5bb002 Processing reference: RecordTypeDefinition.facetsListExpr
2025-03-12 00:27:48.997 DEBUG recordType 876 7d7cc64a-06ef-4fd9-895b-b20bea5bb002 Processing reference: RecordTypeDefinition.listViewSrcExpr
2025-03-12 00:27:48.997 DEBUG recordType 876 7d7cc64a-06ef-4fd9-895b-b20bea5bb002 Processing reference: RecordTypeDefinition.listViewTemplateExpr
2025-03-12 00:27:49.019 DEBUG recordType 876 7d7cc64a-06ef-4fd9-895b-b20bea5bb002 Processing reference: RecordTypeSearchCfg.placeholder
2025-03-12 00:27:49.019 DEBUG recordType 876 7d7cc64a-06ef-4fd9-895b-b20bea5bb002 Processing reference: RecordTypeSearchCfg.searchFieldQueryInfos
2025-03-12 00:27:49.02 DEBUG recordType 876 7d7cc64a-06ef-4fd9-895b-b20bea5bb002 Processing reference: RecordTypeDefinition.recordViewSrcExpr
2025-03-12 00:27:49.021 DEBUG recordType 876 7d7cc64a-06ef-4fd9-895b-b20bea5bb002 Processing reference: RecordTypeDefinition.source
2025-03-12 00:27:49.027 DEBUG recordType 876 7d7cc64a-06ef-4fd9-895b-b20bea5bb002 Processing reference: RecordTypeDefinition.titleExpr
2025-03-12 00:27:49.033 DEBUG recordType 876 7d7cc64a-06ef-4fd9-895b-b20bea5bb002 Processing reference: Role[name=record_type_administrator,groupIds=[1566]]
2025-03-12 00:27:49.034 DEBUG recordType 876 7d7cc64a-06ef-4fd9-895b-b20bea5bb002 Processing reference: Role[name=record_type_viewer,groupIds=[1567]]
2025-03-12 00:27:49.035 DEBUG recordType 876 7d7cc64a-06ef-4fd9-895b-b20bea5bb002 Exporting binary resources.
2025-03-12 00:27:49.035 DEBUG recordType 876 7d7cc64a-06ef-4fd9-895b-b20bea5bb002 Serializing object to XML.
2025-03-12 00:27:49.037 DEBUG recordType 876 7d7cc64a-06ef-4fd9-895b-b20bea5bb002 Object transported.
2025-03-12 00:27:49.06 DEBUG site 268 b695cb25-a6f7-4cc5-984a-adff03b9b511 Begin transport.
2025-03-12 00:27:49.06 DEBUG site 268 b695cb25-a6f7-4cc5-984a-adff03b9b511 Retrieving object data.
2025-03-12 00:27:49.066 DEBUG site 268 b695cb25-a6f7-4cc5-984a-adff03b9b511 Setting uuids of object references.
2025-03-12 00:27:49.066 DEBUG site 268 b695cb25-a6f7-4cc5-984a-adff03b9b511 Processing reference: Role[name=site_administrator,groupIds=[1566]]
2025-03-12 00:27:49.067 DEBUG site 268 b695cb25-a6f7-4cc5-984a-adff03b9b511 Processing reference: Role[name=site_viewer,groupIds=[1567]]
2025-03-12 00:27:49.07 DEBUG site 268 b695cb25-a6f7-4cc5-984a-adff03b9b511 Processing reference: Site.faviconRef
2025-03-12 00:27:49.07 DEBUG site 268 b695cb25-a6f7-4cc5-984a-adff03b9b511 Processing reference: Site.logoRef
2025-03-12 00:27:49.072 DEBUG site 268 b695cb25-a6f7-4cc5-984a-adff03b9b511 Processing reference: SitePage.uiObject
2025-03-12 00:27:49.075 DEBUG site 268 b695cb25-a6f7-4cc5-984a-adff03b9b511 Processing reference: SitePage.visibilityExpr
2025-03-12 00:27:49.076 DEBUG site 268 b695cb25-a6f7-4cc5-984a-adff03b9b511 Processing reference: Site.tasksInSitesViewerRefsFromUuids
2025-03-12 00:27:49.077 DEBUG site 268 b695cb25-a6f7-4cc5-984a-adff03b9b511 Processing reference: Site.tempoLinkViewerRefsFromUuids
2025-03-12 00:27:49.079 DEBUG site 268 b695cb25-a6f7-4cc5-984a-adff03b9b511 Exporting binary resources.
2025-03-12 00:27:49.079 DEBUG site 268 b695cb25-a6f7-4cc5-984a-adff03b9b511 Serializing object to XML.
2025-03-12 00:27:49.08 DEBUG site 268 b695cb25-a6f7-4cc5-984a-adff03b9b511 Object transported.
2025-03-12 00:27:49.147 DEBUG application 98944 ff0759c2-32e5-4184-82b2-94f7a3748678 Exporting binary resources.
2025-03-12 00:27:49.147 DEBUG application 98944 ff0759c2-32e5-4184-82b2-94f7a3748678 Serializing object to XML.
2025-03-12 00:27:49.148 DEBUG application 98944 ff0759c2-32e5-4184-82b2-94f7a3748678 Object transported.
2025-03-12 00:27:49.194 DEBUG content 100216 _a-0000eca8-7ed3-8000-babd-01ef9001ef90_824996 Successfully exported design guidance with key: sysrule.designGuidance.expressions.unusedRuleInput
2025-03-12 00:27:49.194 DEBUG processModel 7018 0002ece4-11ce-8000-f531-014d98014d98 Successfully exported design guidance with key: sysrule.designGuidance.processModel.displayNameNotDynamic
